{"/Users/pcs248/Documents/DevRN/FireChat/firebase-config.tsx": {"path":"/Users/pcs248/Documents/DevRN/FireChat/firebase-config.tsx","statementMap":{"0":{"start":{"line":4,"column":23},"end":{"line":13,"column":3}},"1":{"start":{"line":15,"column":14},"end":{"line":15,"column":43}},"2":{"start":{"line":16,"column":13},"end":{"line":16,"column":29}}},"fnMap":{},"branchMap":{},"s":{"0":1,"1":1,"2":1},"f":{},"b":{},"_coverageSchema":"1a1c01bbd47fc00a2c39e90264f33305004495a9","hash":"8546a66f0d11b697543956adfe6c8953774d9021"}
,"/Users/pcs248/Documents/DevRN/FireChat/src/assets/images/messageIcon.png": {"path":"/Users/pcs248/Documents/DevRN/FireChat/src/assets/images/messageIcon.png","statementMap":{"0":{"start":{"line":1,"column":0},"end":{"line":4,"column":6}}},"fnMap":{},"branchMap":{},"s":{"0":1},"f":{},"b":{},"_coverageSchema":"1a1c01bbd47fc00a2c39e90264f33305004495a9","hash":"4b2906e1bcb59fb8af713aed96f6abf216e787ad"}
,"/Users/pcs248/Documents/DevRN/FireChat/src/customComponents/ImagePickerComponent.tsx": {"path":"/Users/pcs248/Documents/DevRN/FireChat/src/customComponents/ImagePickerComponent.tsx","statementMap":{"0":{"start":{"line":16,"column":29},"end":{"line":81,"column":1}},"1":{"start":{"line":17,"column":91},"end":{"line":17,"column":95}},"2":{"start":{"line":19,"column":38},"end":{"line":19,"column":53}},"3":{"start":{"line":20,"column":38},"end":{"line":20,"column":50}},"4":{"start":{"line":22,"column":20},"end":{"line":36,"column":5}},"5":{"start":{"line":23,"column":8},"end":{"line":35,"column":10}},"6":{"start":{"line":24,"column":12},"end":{"line":34,"column":13}},"7":{"start":{"line":25,"column":16},"end":{"line":25,"column":53}},"8":{"start":{"line":26,"column":19},"end":{"line":34,"column":13}},"9":{"start":{"line":27,"column":16},"end":{"line":27,"column":47}},"10":{"start":{"line":28,"column":19},"end":{"line":34,"column":13}},"11":{"start":{"line":29,"column":16},"end":{"line":29,"column":44}},"12":{"start":{"line":30,"column":16},"end":{"line":30,"column":53}},"13":{"start":{"line":31,"column":16},"end":{"line":31,"column":35}},"14":{"start":{"line":33,"column":16},"end":{"line":33,"column":37}},"15":{"start":{"line":38,"column":19},"end":{"line":52,"column":5}},"16":{"start":{"line":39,"column":8},"end":{"line":51,"column":10}},"17":{"start":{"line":40,"column":12},"end":{"line":50,"column":13}},"18":{"start":{"line":41,"column":16},"end":{"line":41,"column":52}},"19":{"start":{"line":42,"column":19},"end":{"line":50,"column":13}},"20":{"start":{"line":43,"column":16},"end":{"line":43,"column":47}},"21":{"start":{"line":44,"column":19},"end":{"line":50,"column":13}},"22":{"start":{"line":45,"column":16},"end":{"line":45,"column":44}},"23":{"start":{"line":46,"column":16},"end":{"line":46,"column":53}},"24":{"start":{"line":47,"column":16},"end":{"line":47,"column":35}},"25":{"start":{"line":49,"column":16},"end":{"line":49,"column":37}},"26":{"start":{"line":54,"column":4},"end":{"line":80,"column":6}},"27":{"start":{"line":59,"column":90},"end":{"line":59,"column":98}},"28":{"start":{"line":60,"column":95},"end":{"line":60,"column":104}},"29":{"start":{"line":66,"column":94},"end":{"line":66,"column":112}},"30":{"start":{"line":83,"column":15},"end":{"line":107,"column":2}}},"fnMap":{"0":{"name":"(anonymous_0)","decl":{"start":{"line":16,"column":29},"end":{"line":16,"column":30}},"loc":{"start":{"line":16,"column":66},"end":{"line":81,"column":1}},"line":16},"1":{"name":"(anonymous_1)","decl":{"start":{"line":22,"column":20},"end":{"line":22,"column":21}},"loc":{"start":{"line":22,"column":26},"end":{"line":36,"column":5}},"line":22},"2":{"name":"(anonymous_2)","decl":{"start":{"line":23,"column":39},"end":{"line":23,"column":40}},"loc":{"start":{"line":23,"column":51},"end":{"line":35,"column":9}},"line":23},"3":{"name":"(anonymous_3)","decl":{"start":{"line":38,"column":19},"end":{"line":38,"column":20}},"loc":{"start":{"line":38,"column":25},"end":{"line":52,"column":5}},"line":38},"4":{"name":"(anonymous_4)","decl":{"start":{"line":39,"column":33},"end":{"line":39,"column":34}},"loc":{"start":{"line":39,"column":45},"end":{"line":51,"column":9}},"line":39},"5":{"name":"(anonymous_5)","decl":{"start":{"line":59,"column":84},"end":{"line":59,"column":85}},"loc":{"start":{"line":59,"column":90},"end":{"line":59,"column":98}},"line":59},"6":{"name":"(anonymous_6)","decl":{"start":{"line":60,"column":89},"end":{"line":60,"column":90}},"loc":{"start":{"line":60,"column":95},"end":{"line":60,"column":104}},"line":60},"7":{"name":"(anonymous_7)","decl":{"start":{"line":66,"column":88},"end":{"line":66,"column":89}},"loc":{"start":{"line":66,"column":94},"end":{"line":66,"column":112}},"line":66}},"branchMap":{"0":{"loc":{"start":{"line":24,"column":12},"end":{"line":34,"column":13}},"type":"if","locations":[{"start":{"line":24,"column":12},"end":{"line":34,"column":13}},{"start":{"line":26,"column":19},"end":{"line":34,"column":13}}],"line":24},"1":{"loc":{"start":{"line":26,"column":19},"end":{"line":34,"column":13}},"type":"if","locations":[{"start":{"line":26,"column":19},"end":{"line":34,"column":13}},{"start":{"line":28,"column":19},"end":{"line":34,"column":13}}],"line":26},"2":{"loc":{"start":{"line":28,"column":19},"end":{"line":34,"column":13}},"type":"if","locations":[{"start":{"line":28,"column":19},"end":{"line":34,"column":13}},{"start":{"line":32,"column":19},"end":{"line":34,"column":13}}],"line":28},"3":{"loc":{"start":{"line":40,"column":12},"end":{"line":50,"column":13}},"type":"if","locations":[{"start":{"line":40,"column":12},"end":{"line":50,"column":13}},{"start":{"line":42,"column":19},"end":{"line":50,"column":13}}],"line":40},"4":{"loc":{"start":{"line":42,"column":19},"end":{"line":50,"column":13}},"type":"if","locations":[{"start":{"line":42,"column":19},"end":{"line":50,"column":13}},{"start":{"line":44,"column":19},"end":{"line":50,"column":13}}],"line":42},"5":{"loc":{"start":{"line":44,"column":19},"end":{"line":50,"column":13}},"type":"if","locations":[{"start":{"line":44,"column":19},"end":{"line":50,"column":13}},{"start":{"line":48,"column":19},"end":{"line":50,"column":13}}],"line":44},"6":{"loc":{"start":{"line":55,"column":22},"end":{"line":55,"column":46}},"type":"binary-expr","locations":[{"start":{"line":55,"column":22},"end":{"line":55,"column":28}},{"start":{"line":55,"column":32},"end":{"line":55,"column":46}}],"line":55},"7":{"loc":{"start":{"line":56,"column":13},"end":{"line":68,"column":20}},"type":"cond-expr","locations":[{"start":{"line":57,"column":17},"end":{"line":62,"column":19}},{"start":{"line":64,"column":17},"end":{"line":68,"column":19}}],"line":56},"8":{"loc":{"start":{"line":70,"column":13},"end":{"line":77,"column":22}},"type":"cond-expr","locations":[{"start":{"line":72,"column":20},"end":{"line":74,"column":27}},{"start":{"line":77,"column":17},"end":{"line":77,"column":21}}],"line":70}},"s":{"0":2,"1":18,"2":18,"3":18,"4":18,"5":0,"6":0,"7":0,"8":0,"9":0,"10":0,"11":0,"12":0,"13":0,"14":0,"15":18,"16":0,"17":0,"18":0,"19":0,"20":0,"21":0,"22":0,"23":0,"24":0,"25":0,"26":18,"27":0,"28":0,"29":1,"30":2},"f":{"0":18,"1":0,"2":0,"3":0,"4":0,"5":0,"6":0,"7":1},"b":{"0":[0,0],"1":[0,0],"2":[0,0],"3":[0,0],"4":[0,0],"5":[0,0],"6":[18,4],"7":[1,17],"8":[0,18]},"_coverageSchema":"1a1c01bbd47fc00a2c39e90264f33305004495a9","hash":"695d7b8bb3e4972468a079ac129284a69cfd1db8"}
,"/Users/pcs248/Documents/DevRN/FireChat/src/customComponents/customButton.tsx": {"path":"/Users/pcs248/Documents/DevRN/FireChat/src/customComponents/customButton.tsx","statementMap":{"0":{"start":{"line":12,"column":24},"end":{"line":21,"column":1}},"1":{"start":{"line":13,"column":54},"end":{"line":13,"column":59}},"2":{"start":{"line":14,"column":4},"end":{"line":20,"column":6}},"3":{"start":{"line":23,"column":15},"end":{"line":38,"column":2}}},"fnMap":{"0":{"name":"(anonymous_0)","decl":{"start":{"line":12,"column":24},"end":{"line":12,"column":25}},"loc":{"start":{"line":12,"column":57},"end":{"line":21,"column":1}},"line":12}},"branchMap":{"0":{"loc":{"start":{"line":15,"column":54},"end":{"line":15,"column":75}},"type":"binary-expr","locations":[{"start":{"line":15,"column":54},"end":{"line":15,"column":60}},{"start":{"line":15,"column":64},"end":{"line":15,"column":75}}],"line":15},"1":{"loc":{"start":{"line":17,"column":64},"end":{"line":17,"column":86}},"type":"binary-expr","locations":[{"start":{"line":17,"column":64},"end":{"line":17,"column":68}},{"start":{"line":17,"column":72},"end":{"line":17,"column":86}}],"line":17}},"s":{"0":3,"1":49,"2":49,"3":3},"f":{"0":49},"b":{"0":[49,2],"1":[49,2]},"_coverageSchema":"1a1c01bbd47fc00a2c39e90264f33305004495a9","hash":"35bc69bcff8b88b85ea8a3f0ad1facfc8ee165b9"}
,"/Users/pcs248/Documents/DevRN/FireChat/src/customComponents/datePicker.tsx": {"path":"/Users/pcs248/Documents/DevRN/FireChat/src/customComponents/datePicker.tsx","statementMap":{"0":{"start":{"line":10,"column":28},"end":{"line":33,"column":1}},"1":{"start":{"line":11,"column":28},"end":{"line":11,"column":48}},"2":{"start":{"line":13,"column":21},"end":{"line":16,"column":5}},"3":{"start":{"line":14,"column":28},"end":{"line":14,"column":40}},"4":{"start":{"line":15,"column":8},"end":{"line":15,"column":28}},"5":{"start":{"line":18,"column":27},"end":{"line":24,"column":5}},"6":{"start":{"line":19,"column":8},"end":{"line":23,"column":10}},"7":{"start":{"line":26,"column":4},"end":{"line":32,"column":6}}},"fnMap":{"0":{"name":"(anonymous_0)","decl":{"start":{"line":10,"column":28},"end":{"line":10,"column":29}},"loc":{"start":{"line":10,"column":63},"end":{"line":33,"column":1}},"line":10},"1":{"name":"(anonymous_1)","decl":{"start":{"line":13,"column":21},"end":{"line":13,"column":22}},"loc":{"start":{"line":13,"column":56},"end":{"line":16,"column":5}},"line":13},"2":{"name":"(anonymous_2)","decl":{"start":{"line":18,"column":27},"end":{"line":18,"column":28}},"loc":{"start":{"line":18,"column":33},"end":{"line":24,"column":5}},"line":18}},"branchMap":{"0":{"loc":{"start":{"line":27,"column":43},"end":{"line":27,"column":76}},"type":"binary-expr","locations":[{"start":{"line":27,"column":43},"end":{"line":27,"column":54}},{"start":{"line":27,"column":58},"end":{"line":27,"column":76}}],"line":27}},"s":{"0":2,"1":16,"2":16,"3":0,"4":0,"5":16,"6":1,"7":16},"f":{"0":16,"1":0,"2":1},"b":{"0":[16,2]},"_coverageSchema":"1a1c01bbd47fc00a2c39e90264f33305004495a9","hash":"88d18f9738d995dd22a671bb9b0ad20c5d8bc535"}
,"/Users/pcs248/Documents/DevRN/FireChat/src/customComponents/textComponent.tsx": {"path":"/Users/pcs248/Documents/DevRN/FireChat/src/customComponents/textComponent.tsx","statementMap":{"0":{"start":{"line":11,"column":22},"end":{"line":20,"column":1}},"1":{"start":{"line":12,"column":54},"end":{"line":12,"column":59}},"2":{"start":{"line":13,"column":4},"end":{"line":19,"column":6}},"3":{"start":{"line":22,"column":15},"end":{"line":33,"column":2}}},"fnMap":{"0":{"name":"(anonymous_0)","decl":{"start":{"line":11,"column":22},"end":{"line":11,"column":23}},"loc":{"start":{"line":11,"column":52},"end":{"line":20,"column":1}},"line":11}},"branchMap":{"0":{"loc":{"start":{"line":15,"column":68},"end":{"line":15,"column":91}},"type":"binary-expr","locations":[{"start":{"line":15,"column":68},"end":{"line":15,"column":74}},{"start":{"line":15,"column":78},"end":{"line":15,"column":91}}],"line":15},"1":{"loc":{"start":{"line":16,"column":17},"end":{"line":16,"column":40}},"type":"binary-expr","locations":[{"start":{"line":16,"column":17},"end":{"line":16,"column":21}},{"start":{"line":16,"column":25},"end":{"line":16,"column":40}}],"line":16}},"s":{"0":6,"1":97,"2":97,"3":6},"f":{"0":97},"b":{"0":[97,72],"1":[97,2]},"_coverageSchema":"1a1c01bbd47fc00a2c39e90264f33305004495a9","hash":"224727cd03a16f1b168733e16f404ac9459659cc"}
,"/Users/pcs248/Documents/DevRN/FireChat/src/customComponents/textInputComponent.tsx": {"path":"/Users/pcs248/Documents/DevRN/FireChat/src/customComponents/textInputComponent.tsx","statementMap":{"0":{"start":{"line":20,"column":27},"end":{"line":39,"column":1}},"1":{"start":{"line":21,"column":130},"end":{"line":21,"column":134}},"2":{"start":{"line":22,"column":4},"end":{"line":38,"column":6}},"3":{"start":{"line":41,"column":15},"end":{"line":56,"column":2}}},"fnMap":{"0":{"name":"(anonymous_0)","decl":{"start":{"line":20,"column":27},"end":{"line":20,"column":28}},"loc":{"start":{"line":20,"column":62},"end":{"line":39,"column":1}},"line":20}},"branchMap":{"0":{"loc":{"start":{"line":27,"column":31},"end":{"line":27,"column":68}},"type":"binary-expr","locations":[{"start":{"line":27,"column":31},"end":{"line":27,"column":46}},{"start":{"line":27,"column":50},"end":{"line":27,"column":68}}],"line":27},"1":{"loc":{"start":{"line":30,"column":32},"end":{"line":30,"column":63}},"type":"binary-expr","locations":[{"start":{"line":30,"column":32},"end":{"line":30,"column":44}},{"start":{"line":30,"column":48},"end":{"line":30,"column":63}}],"line":30},"2":{"loc":{"start":{"line":32,"column":26},"end":{"line":32,"column":48}},"type":"binary-expr","locations":[{"start":{"line":32,"column":26},"end":{"line":32,"column":32}},{"start":{"line":32,"column":36},"end":{"line":32,"column":48}}],"line":32}},"s":{"0":3,"1":85,"2":85,"3":3},"f":{"0":85},"b":{"0":[85,1],"1":[85,29],"2":[85,1]},"_coverageSchema":"1a1c01bbd47fc00a2c39e90264f33305004495a9","hash":"fa0f227a0289ef94b59873f84cfda6fe879b98a1"}
,"/Users/pcs248/Documents/DevRN/FireChat/src/customComponents/userCardComponent.tsx": {"path":"/Users/pcs248/Documents/DevRN/FireChat/src/customComponents/userCardComponent.tsx","statementMap":{"0":{"start":{"line":9,"column":26},"end":{"line":19,"column":1}},"1":{"start":{"line":10,"column":29},"end":{"line":10,"column":33}},"2":{"start":{"line":11,"column":4},"end":{"line":18,"column":5}},"3":{"start":{"line":21,"column":15},"end":{"line":31,"column":2}}},"fnMap":{"0":{"name":"(anonymous_0)","decl":{"start":{"line":9,"column":26},"end":{"line":9,"column":27}},"loc":{"start":{"line":9,"column":59},"end":{"line":19,"column":1}},"line":9}},"branchMap":{"0":{"loc":{"start":{"line":14,"column":51},"end":{"line":14,"column":78}},"type":"binary-expr","locations":[{"start":{"line":14,"column":51},"end":{"line":14,"column":64}},{"start":{"line":14,"column":68},"end":{"line":14,"column":78}}],"line":14}},"s":{"0":2,"1":2,"2":2,"3":2},"f":{"0":2},"b":{"0":[2,2]},"_coverageSchema":"1a1c01bbd47fc00a2c39e90264f33305004495a9","hash":"3678680ad8902b78ec85340ee759dce0607f88a5"}
,"/Users/pcs248/Documents/DevRN/FireChat/src/screens/chatModule/allUserScreen.tsx": {"path":"/Users/pcs248/Documents/DevRN/FireChat/src/screens/chatModule/allUserScreen.tsx","statementMap":{"0":{"start":{"line":15,"column":20},"end":{"line":100,"column":1}},"1":{"start":{"line":17,"column":20},"end":{"line":17,"column":45}},"2":{"start":{"line":18,"column":23},"end":{"line":18,"column":54}},"3":{"start":{"line":19,"column":26},"end":{"line":19,"column":49}},"4":{"start":{"line":20,"column":42},"end":{"line":20,"column":65}},"5":{"start":{"line":21,"column":38},"end":{"line":21,"column":61}},"6":{"start":{"line":24,"column":4},"end":{"line":24,"column":65}},"7":{"start":{"line":27,"column":2},"end":{"line":57,"column":18}},"8":{"start":{"line":28,"column":4},"end":{"line":41,"column":6}},"9":{"start":{"line":29,"column":22},"end":{"line":29,"column":41}},"10":{"start":{"line":30,"column":30},"end":{"line":30,"column":41}},"11":{"start":{"line":31,"column":6},"end":{"line":35,"column":8}},"12":{"start":{"line":33,"column":25},"end":{"line":33,"column":84}},"13":{"start":{"line":36,"column":6},"end":{"line":40,"column":8}},"14":{"start":{"line":38,"column":25},"end":{"line":38,"column":49}},"15":{"start":{"line":59,"column":21},"end":{"line":68,"column":3}},"16":{"start":{"line":60,"column":4},"end":{"line":67,"column":5}},"17":{"start":{"line":61,"column":6},"end":{"line":63,"column":8}},"18":{"start":{"line":62,"column":47},"end":{"line":62,"column":68}},"19":{"start":{"line":64,"column":6},"end":{"line":64,"column":69}},"20":{"start":{"line":66,"column":6},"end":{"line":66,"column":46}},"21":{"start":{"line":70,"column":2},"end":{"line":99,"column":4}},"22":{"start":{"line":74,"column":66},"end":{"line":74,"column":83}},"23":{"start":{"line":74,"column":84},"end":{"line":74,"column":119}},"24":{"start":{"line":83,"column":10},"end":{"line":94,"column":12}},"25":{"start":{"line":86,"column":16},"end":{"line":86,"column":39}},"26":{"start":{"line":102,"column":15},"end":{"line":119,"column":2}}},"fnMap":{"0":{"name":"(anonymous_0)","decl":{"start":{"line":15,"column":20},"end":{"line":15,"column":21}},"loc":{"start":{"line":15,"column":26},"end":{"line":100,"column":1}},"line":15},"1":{"name":"(anonymous_1)","decl":{"start":{"line":27,"column":18},"end":{"line":27,"column":19}},"loc":{"start":{"line":27,"column":24},"end":{"line":57,"column":3}},"line":27},"2":{"name":"(anonymous_2)","decl":{"start":{"line":28,"column":41},"end":{"line":28,"column":42}},"loc":{"start":{"line":28,"column":65},"end":{"line":41,"column":5}},"line":28},"3":{"name":"(anonymous_3)","decl":{"start":{"line":33,"column":10},"end":{"line":33,"column":11}},"loc":{"start":{"line":33,"column":25},"end":{"line":33,"column":84}},"line":33},"4":{"name":"(anonymous_4)","decl":{"start":{"line":38,"column":10},"end":{"line":38,"column":11}},"loc":{"start":{"line":38,"column":25},"end":{"line":38,"column":49}},"line":38},"5":{"name":"(anonymous_5)","decl":{"start":{"line":59,"column":21},"end":{"line":59,"column":22}},"loc":{"start":{"line":59,"column":42},"end":{"line":68,"column":3}},"line":59},"6":{"name":"(anonymous_6)","decl":{"start":{"line":62,"column":35},"end":{"line":62,"column":36}},"loc":{"start":{"line":62,"column":47},"end":{"line":62,"column":68}},"line":62},"7":{"name":"(anonymous_7)","decl":{"start":{"line":74,"column":59},"end":{"line":74,"column":60}},"loc":{"start":{"line":74,"column":65},"end":{"line":74,"column":120}},"line":74},"8":{"name":"(anonymous_8)","decl":{"start":{"line":82,"column":20},"end":{"line":82,"column":21}},"loc":{"start":{"line":82,"column":35},"end":{"line":95,"column":9}},"line":82},"9":{"name":"(anonymous_9)","decl":{"start":{"line":85,"column":23},"end":{"line":85,"column":24}},"loc":{"start":{"line":85,"column":29},"end":{"line":87,"column":15}},"line":85}},"branchMap":{"0":{"loc":{"start":{"line":33,"column":25},"end":{"line":33,"column":84}},"type":"binary-expr","locations":[{"start":{"line":33,"column":25},"end":{"line":33,"column":48}},{"start":{"line":33,"column":52},"end":{"line":33,"column":84}}],"line":33},"1":{"loc":{"start":{"line":90,"column":26},"end":{"line":90,"column":69}},"type":"binary-expr","locations":[{"start":{"line":90,"column":26},"end":{"line":90,"column":42}},{"start":{"line":90,"column":46},"end":{"line":90,"column":69}}],"line":90}},"s":{"0":1,"1":0,"2":0,"3":0,"4":0,"5":0,"6":0,"7":0,"8":0,"9":0,"10":0,"11":0,"12":0,"13":0,"14":0,"15":0,"16":0,"17":0,"18":0,"19":0,"20":0,"21":0,"22":0,"23":0,"24":0,"25":0,"26":1},"f":{"0":0,"1":0,"2":0,"3":0,"4":0,"5":0,"6":0,"7":0,"8":0,"9":0},"b":{"0":[0,0],"1":[0,0]},"_coverageSchema":"1a1c01bbd47fc00a2c39e90264f33305004495a9","hash":"518e26d73f349f4c68b5ddd4054eda23754a3007"}
,"/Users/pcs248/Documents/DevRN/FireChat/src/screens/chatModule/showChatScreen.tsx": {"path":"/Users/pcs248/Documents/DevRN/FireChat/src/screens/chatModule/showChatScreen.tsx","statementMap":{"0":{"start":{"line":43,"column":17},"end":{"line":873,"column":1}},"1":{"start":{"line":45,"column":34},"end":{"line":45,"column":57}},"2":{"start":{"line":46,"column":50},"end":{"line":46,"column":73}},"3":{"start":{"line":47,"column":38},"end":{"line":47,"column":61}},"4":{"start":{"line":48,"column":54},"end":{"line":48,"column":77}},"5":{"start":{"line":49,"column":16},"end":{"line":49,"column":26}},"6":{"start":{"line":50,"column":22},"end":{"line":50,"column":34}},"7":{"start":{"line":51,"column":36},"end":{"line":51,"column":58}},"8":{"start":{"line":52,"column":16},"end":{"line":52,"column":43}},"9":{"start":{"line":53,"column":17},"end":{"line":53,"column":45}},"10":{"start":{"line":55,"column":4},"end":{"line":55,"column":65}},"11":{"start":{"line":56,"column":17},"end":{"line":62,"column":3}},"12":{"start":{"line":63,"column":24},"end":{"line":69,"column":3}},"13":{"start":{"line":70,"column":42},"end":{"line":70,"column":72}},"14":{"start":{"line":72,"column":4},"end":{"line":72,"column":34}},"15":{"start":{"line":73,"column":46},"end":{"line":73,"column":69}},"16":{"start":{"line":86,"column":2},"end":{"line":129,"column":9}},"17":{"start":{"line":88,"column":29},"end":{"line":105,"column":6}},"18":{"start":{"line":89,"column":26},"end":{"line":89,"column":28}},"19":{"start":{"line":90,"column":30},"end":{"line":90,"column":51}},"20":{"start":{"line":91,"column":6},"end":{"line":93,"column":9}},"21":{"start":{"line":92,"column":8},"end":{"line":92,"column":29}},"22":{"start":{"line":94,"column":6},"end":{"line":96,"column":9}},"23":{"start":{"line":95,"column":8},"end":{"line":95,"column":55}},"24":{"start":{"line":97,"column":31},"end":{"line":97,"column":57}},"25":{"start":{"line":98,"column":6},"end":{"line":98,"column":53}},"26":{"start":{"line":99,"column":32},"end":{"line":99,"column":65}},"27":{"start":{"line":100,"column":29},"end":{"line":100,"column":31}},"28":{"start":{"line":101,"column":6},"end":{"line":103,"column":9}},"29":{"start":{"line":102,"column":8},"end":{"line":102,"column":38}},"30":{"start":{"line":104,"column":6},"end":{"line":104,"column":29}},"31":{"start":{"line":107,"column":29},"end":{"line":124,"column":6}},"32":{"start":{"line":108,"column":26},"end":{"line":108,"column":28}},"33":{"start":{"line":109,"column":30},"end":{"line":109,"column":51}},"34":{"start":{"line":110,"column":6},"end":{"line":112,"column":9}},"35":{"start":{"line":111,"column":8},"end":{"line":111,"column":29}},"36":{"start":{"line":113,"column":6},"end":{"line":115,"column":9}},"37":{"start":{"line":114,"column":8},"end":{"line":114,"column":55}},"38":{"start":{"line":116,"column":31},"end":{"line":116,"column":57}},"39":{"start":{"line":117,"column":6},"end":{"line":117,"column":61}},"40":{"start":{"line":118,"column":32},"end":{"line":118,"column":65}},"41":{"start":{"line":119,"column":29},"end":{"line":119,"column":31}},"42":{"start":{"line":120,"column":6},"end":{"line":122,"column":9}},"43":{"start":{"line":121,"column":8},"end":{"line":121,"column":38}},"44":{"start":{"line":123,"column":6},"end":{"line":123,"column":37}},"45":{"start":{"line":125,"column":4},"end":{"line":128,"column":6}},"46":{"start":{"line":126,"column":6},"end":{"line":126,"column":44}},"47":{"start":{"line":127,"column":6},"end":{"line":127,"column":51}},"48":{"start":{"line":131,"column":28},"end":{"line":156,"column":3}},"49":{"start":{"line":133,"column":4},"end":{"line":155,"column":7}},"50":{"start":{"line":137,"column":10},"end":{"line":137,"column":43}},"51":{"start":{"line":144,"column":10},"end":{"line":144,"column":32}},"52":{"start":{"line":151,"column":10},"end":{"line":151,"column":31}},"53":{"start":{"line":158,"column":23},"end":{"line":189,"column":3}},"54":{"start":{"line":159,"column":14},"end":{"line":159,"column":15}},"55":{"start":{"line":160,"column":4},"end":{"line":164,"column":5}},"56":{"start":{"line":160,"column":17},"end":{"line":160,"column":18}},"57":{"start":{"line":161,"column":6},"end":{"line":163,"column":7}},"58":{"start":{"line":162,"column":8},"end":{"line":162,"column":16}},"59":{"start":{"line":167,"column":4},"end":{"line":177,"column":16}},"60":{"start":{"line":178,"column":4},"end":{"line":188,"column":16}},"61":{"start":{"line":191,"column":22},"end":{"line":209,"column":3}},"62":{"start":{"line":192,"column":14},"end":{"line":192,"column":15}},"63":{"start":{"line":193,"column":4},"end":{"line":197,"column":5}},"64":{"start":{"line":193,"column":17},"end":{"line":193,"column":18}},"65":{"start":{"line":194,"column":6},"end":{"line":196,"column":7}},"66":{"start":{"line":195,"column":8},"end":{"line":195,"column":16}},"67":{"start":{"line":198,"column":4},"end":{"line":208,"column":16}},"68":{"start":{"line":211,"column":20},"end":{"line":214,"column":3}},"69":{"start":{"line":212,"column":4},"end":{"line":212,"column":20}},"70":{"start":{"line":216,"column":17},"end":{"line":251,"column":8}},"71":{"start":{"line":217,"column":18},"end":{"line":217,"column":33}},"72":{"start":{"line":218,"column":16},"end":{"line":227,"column":5}},"73":{"start":{"line":228,"column":4},"end":{"line":238,"column":6}},"74":{"start":{"line":239,"column":4},"end":{"line":249,"column":6}},"75":{"start":{"line":250,"column":4},"end":{"line":250,"column":21}},"76":{"start":{"line":256,"column":27},"end":{"line":258,"column":3}},"77":{"start":{"line":257,"column":4},"end":{"line":257,"column":74}},"78":{"start":{"line":260,"column":21},"end":{"line":285,"column":3}},"79":{"start":{"line":261,"column":4},"end":{"line":284,"column":7}},"80":{"start":{"line":262,"column":6},"end":{"line":283,"column":7}},"81":{"start":{"line":263,"column":8},"end":{"line":263,"column":46}},"82":{"start":{"line":264,"column":13},"end":{"line":283,"column":7}},"83":{"start":{"line":265,"column":8},"end":{"line":265,"column":48}},"84":{"start":{"line":266,"column":13},"end":{"line":283,"column":7}},"85":{"start":{"line":268,"column":37},"end":{"line":268,"column":61}},"86":{"start":{"line":269,"column":8},"end":{"line":269,"column":42}},"87":{"start":{"line":270,"column":8},"end":{"line":270,"column":62}},"88":{"start":{"line":271,"column":31},"end":{"line":273,"column":9}},"89":{"start":{"line":274,"column":8},"end":{"line":274,"column":48}},"90":{"start":{"line":275,"column":25},"end":{"line":277,"column":27}},"91":{"start":{"line":279,"column":8},"end":{"line":279,"column":37}},"92":{"start":{"line":282,"column":8},"end":{"line":282,"column":30}},"93":{"start":{"line":287,"column":21},"end":{"line":311,"column":3}},"94":{"start":{"line":288,"column":4},"end":{"line":310,"column":7}},"95":{"start":{"line":289,"column":6},"end":{"line":309,"column":7}},"96":{"start":{"line":290,"column":8},"end":{"line":290,"column":46}},"97":{"start":{"line":291,"column":13},"end":{"line":309,"column":7}},"98":{"start":{"line":292,"column":8},"end":{"line":292,"column":40}},"99":{"start":{"line":293,"column":13},"end":{"line":309,"column":7}},"100":{"start":{"line":295,"column":37},"end":{"line":295,"column":61}},"101":{"start":{"line":296,"column":8},"end":{"line":296,"column":42}},"102":{"start":{"line":297,"column":31},"end":{"line":299,"column":9}},"103":{"start":{"line":300,"column":8},"end":{"line":300,"column":48}},"104":{"start":{"line":301,"column":25},"end":{"line":303,"column":27}},"105":{"start":{"line":305,"column":8},"end":{"line":305,"column":37}},"106":{"start":{"line":308,"column":8},"end":{"line":308,"column":30}},"107":{"start":{"line":313,"column":22},"end":{"line":349,"column":8}},"108":{"start":{"line":314,"column":18},"end":{"line":316,"column":5}},"109":{"start":{"line":317,"column":16},"end":{"line":325,"column":5}},"110":{"start":{"line":326,"column":4},"end":{"line":336,"column":6}},"111":{"start":{"line":337,"column":4},"end":{"line":347,"column":6}},"112":{"start":{"line":348,"column":4},"end":{"line":348,"column":21}},"113":{"start":{"line":354,"column":36},"end":{"line":379,"column":3}},"114":{"start":{"line":355,"column":4},"end":{"line":378,"column":5}},"115":{"start":{"line":356,"column":22},"end":{"line":365,"column":7}},"116":{"start":{"line":366,"column":6},"end":{"line":366,"column":38}},"117":{"start":{"line":367,"column":6},"end":{"line":373,"column":7}},"118":{"start":{"line":368,"column":8},"end":{"line":368,"column":54}},"119":{"start":{"line":369,"column":8},"end":{"line":369,"column":20}},"120":{"start":{"line":371,"column":8},"end":{"line":371,"column":54}},"121":{"start":{"line":372,"column":8},"end":{"line":372,"column":21}},"122":{"start":{"line":375,"column":6},"end":{"line":377,"column":8}},"123":{"start":{"line":376,"column":8},"end":{"line":376,"column":25}},"124":{"start":{"line":381,"column":22},"end":{"line":434,"column":3}},"125":{"start":{"line":382,"column":19},"end":{"line":382,"column":46}},"126":{"start":{"line":383,"column":4},"end":{"line":433,"column":7}},"127":{"start":{"line":384,"column":6},"end":{"line":384,"column":40}},"128":{"start":{"line":385,"column":6},"end":{"line":432,"column":7}},"129":{"start":{"line":386,"column":8},"end":{"line":431,"column":10}},"130":{"start":{"line":388,"column":12},"end":{"line":388,"column":46}},"131":{"start":{"line":390,"column":26},"end":{"line":392,"column":13}},"132":{"start":{"line":393,"column":24},"end":{"line":401,"column":13}},"133":{"start":{"line":403,"column":12},"end":{"line":413,"column":14}},"134":{"start":{"line":414,"column":12},"end":{"line":424,"column":14}},"135":{"start":{"line":425,"column":12},"end":{"line":425,"column":63}},"136":{"start":{"line":428,"column":12},"end":{"line":428,"column":70}},"137":{"start":{"line":436,"column":23},"end":{"line":476,"column":3}},"138":{"start":{"line":438,"column":21},"end":{"line":452,"column":5}},"139":{"start":{"line":439,"column":23},"end":{"line":442,"column":8}},"140":{"start":{"line":443,"column":6},"end":{"line":451,"column":10}},"141":{"start":{"line":445,"column":10},"end":{"line":447,"column":11}},"142":{"start":{"line":446,"column":12},"end":{"line":446,"column":40}},"143":{"start":{"line":450,"column":10},"end":{"line":450,"column":67}},"144":{"start":{"line":453,"column":4},"end":{"line":475,"column":6}},"145":{"start":{"line":455,"column":23},"end":{"line":455,"column":33}},"146":{"start":{"line":481,"column":35},"end":{"line":506,"column":3}},"147":{"start":{"line":482,"column":4},"end":{"line":505,"column":5}},"148":{"start":{"line":483,"column":22},"end":{"line":492,"column":7}},"149":{"start":{"line":493,"column":6},"end":{"line":493,"column":38}},"150":{"start":{"line":494,"column":6},"end":{"line":500,"column":7}},"151":{"start":{"line":495,"column":8},"end":{"line":495,"column":50}},"152":{"start":{"line":496,"column":8},"end":{"line":496,"column":20}},"153":{"start":{"line":498,"column":8},"end":{"line":498,"column":50}},"154":{"start":{"line":499,"column":8},"end":{"line":499,"column":21}},"155":{"start":{"line":502,"column":6},"end":{"line":504,"column":8}},"156":{"start":{"line":503,"column":8},"end":{"line":503,"column":25}},"157":{"start":{"line":508,"column":22},"end":{"line":513,"column":3}},"158":{"start":{"line":509,"column":19},"end":{"line":509,"column":45}},"159":{"start":{"line":510,"column":4},"end":{"line":512,"column":7}},"160":{"start":{"line":511,"column":6},"end":{"line":511,"column":52}},"161":{"start":{"line":515,"column":22},"end":{"line":523,"column":3}},"162":{"start":{"line":516,"column":18},"end":{"line":516,"column":20}},"163":{"start":{"line":517,"column":4},"end":{"line":521,"column":5}},"164":{"start":{"line":518,"column":6},"end":{"line":518,"column":37}},"165":{"start":{"line":520,"column":6},"end":{"line":520,"column":43}},"166":{"start":{"line":522,"column":4},"end":{"line":522,"column":29}},"167":{"start":{"line":526,"column":2},"end":{"line":872,"column":4}},"168":{"start":{"line":534,"column":130},"end":{"line":534,"column":149}},"169":{"start":{"line":545,"column":12},"end":{"line":545,"column":35}},"170":{"start":{"line":548,"column":49},"end":{"line":548,"column":71}},"171":{"start":{"line":563,"column":16},"end":{"line":563,"column":29}},"172":{"start":{"line":574,"column":16},"end":{"line":574,"column":30}},"173":{"start":{"line":585,"column":16},"end":{"line":585,"column":30}},"174":{"start":{"line":602,"column":12},"end":{"line":602,"column":47}},"175":{"start":{"line":614,"column":45},"end":{"line":614,"column":78}},"176":{"start":{"line":627,"column":12},"end":{"line":627,"column":34}},"177":{"start":{"line":639,"column":12},"end":{"line":650,"column":14}},"178":{"start":{"line":642,"column":32},"end":{"line":642,"column":64}},"179":{"start":{"line":648,"column":30},"end":{"line":648,"column":41}},"180":{"start":{"line":667,"column":10},"end":{"line":667,"column":27}},"181":{"start":{"line":690,"column":10},"end":{"line":722,"column":12}},"182":{"start":{"line":710,"column":22},"end":{"line":710,"column":35}},"183":{"start":{"line":725,"column":37},"end":{"line":725,"column":42}},"184":{"start":{"line":727,"column":10},"end":{"line":759,"column":11}},"185":{"start":{"line":728,"column":12},"end":{"line":758,"column":14}},"186":{"start":{"line":734,"column":18},"end":{"line":734,"column":52}},"187":{"start":{"line":735,"column":18},"end":{"line":735,"column":52}},"188":{"start":{"line":747,"column":18},"end":{"line":755,"column":20}},"189":{"start":{"line":761,"column":10},"end":{"line":847,"column":11}},"190":{"start":{"line":811,"column":12},"end":{"line":846,"column":14}},"191":{"start":{"line":820,"column":18},"end":{"line":820,"column":52}},"192":{"start":{"line":821,"column":18},"end":{"line":821,"column":52}},"193":{"start":{"line":837,"column":22},"end":{"line":837,"column":72}},"194":{"start":{"line":848,"column":10},"end":{"line":868,"column":12}},"195":{"start":{"line":854,"column":18},"end":{"line":854,"column":52}},"196":{"start":{"line":855,"column":18},"end":{"line":855,"column":52}},"197":{"start":{"line":875,"column":15},"end":{"line":954,"column":2}}},"fnMap":{"0":{"name":"(anonymous_0)","decl":{"start":{"line":43,"column":17},"end":{"line":43,"column":18}},"loc":{"start":{"line":43,"column":23},"end":{"line":873,"column":1}},"line":43},"1":{"name":"(anonymous_1)","decl":{"start":{"line":86,"column":18},"end":{"line":86,"column":19}},"loc":{"start":{"line":86,"column":24},"end":{"line":129,"column":3}},"line":86},"2":{"name":"(anonymous_2)","decl":{"start":{"line":88,"column":48},"end":{"line":88,"column":49}},"loc":{"start":{"line":88,"column":62},"end":{"line":105,"column":5}},"line":88},"3":{"name":"(anonymous_3)","decl":{"start":{"line":91,"column":43},"end":{"line":91,"column":44}},"loc":{"start":{"line":91,"column":61},"end":{"line":93,"column":7}},"line":91},"4":{"name":"(anonymous_4)","decl":{"start":{"line":94,"column":18},"end":{"line":94,"column":19}},"loc":{"start":{"line":94,"column":34},"end":{"line":96,"column":7}},"line":94},"5":{"name":"(anonymous_5)","decl":{"start":{"line":101,"column":29},"end":{"line":101,"column":30}},"loc":{"start":{"line":101,"column":49},"end":{"line":103,"column":7}},"line":101},"6":{"name":"(anonymous_6)","decl":{"start":{"line":107,"column":55},"end":{"line":107,"column":56}},"loc":{"start":{"line":107,"column":69},"end":{"line":124,"column":5}},"line":107},"7":{"name":"(anonymous_7)","decl":{"start":{"line":110,"column":43},"end":{"line":110,"column":44}},"loc":{"start":{"line":110,"column":61},"end":{"line":112,"column":7}},"line":110},"8":{"name":"(anonymous_8)","decl":{"start":{"line":113,"column":18},"end":{"line":113,"column":19}},"loc":{"start":{"line":113,"column":34},"end":{"line":115,"column":7}},"line":113},"9":{"name":"(anonymous_9)","decl":{"start":{"line":120,"column":29},"end":{"line":120,"column":30}},"loc":{"start":{"line":120,"column":49},"end":{"line":122,"column":7}},"line":120},"10":{"name":"(anonymous_10)","decl":{"start":{"line":125,"column":11},"end":{"line":125,"column":12}},"loc":{"start":{"line":125,"column":17},"end":{"line":128,"column":5}},"line":125},"11":{"name":"(anonymous_11)","decl":{"start":{"line":131,"column":28},"end":{"line":131,"column":29}},"loc":{"start":{"line":131,"column":46},"end":{"line":156,"column":3}},"line":131},"12":{"name":"(anonymous_12)","decl":{"start":{"line":136,"column":17},"end":{"line":136,"column":18}},"loc":{"start":{"line":136,"column":23},"end":{"line":138,"column":9}},"line":136},"13":{"name":"(anonymous_13)","decl":{"start":{"line":143,"column":17},"end":{"line":143,"column":18}},"loc":{"start":{"line":143,"column":23},"end":{"line":145,"column":9}},"line":143},"14":{"name":"(anonymous_14)","decl":{"start":{"line":150,"column":17},"end":{"line":150,"column":18}},"loc":{"start":{"line":150,"column":23},"end":{"line":152,"column":9}},"line":150},"15":{"name":"(anonymous_15)","decl":{"start":{"line":158,"column":23},"end":{"line":158,"column":24}},"loc":{"start":{"line":158,"column":41},"end":{"line":189,"column":3}},"line":158},"16":{"name":"(anonymous_16)","decl":{"start":{"line":191,"column":22},"end":{"line":191,"column":23}},"loc":{"start":{"line":191,"column":40},"end":{"line":209,"column":3}},"line":191},"17":{"name":"(anonymous_17)","decl":{"start":{"line":211,"column":20},"end":{"line":211,"column":21}},"loc":{"start":{"line":211,"column":26},"end":{"line":214,"column":3}},"line":211},"18":{"name":"(anonymous_18)","decl":{"start":{"line":216,"column":35},"end":{"line":216,"column":36}},"loc":{"start":{"line":216,"column":60},"end":{"line":251,"column":3}},"line":216},"19":{"name":"(anonymous_19)","decl":{"start":{"line":256,"column":27},"end":{"line":256,"column":28}},"loc":{"start":{"line":256,"column":56},"end":{"line":258,"column":3}},"line":256},"20":{"name":"(anonymous_20)","decl":{"start":{"line":260,"column":21},"end":{"line":260,"column":22}},"loc":{"start":{"line":260,"column":27},"end":{"line":285,"column":3}},"line":260},"21":{"name":"(anonymous_21)","decl":{"start":{"line":261,"column":29},"end":{"line":261,"column":30}},"loc":{"start":{"line":261,"column":48},"end":{"line":284,"column":5}},"line":261},"22":{"name":"(anonymous_22)","decl":{"start":{"line":287,"column":21},"end":{"line":287,"column":22}},"loc":{"start":{"line":287,"column":33},"end":{"line":311,"column":3}},"line":287},"23":{"name":"(anonymous_23)","decl":{"start":{"line":288,"column":41},"end":{"line":288,"column":42}},"loc":{"start":{"line":288,"column":66},"end":{"line":310,"column":5}},"line":288},"24":{"name":"(anonymous_24)","decl":{"start":{"line":313,"column":40},"end":{"line":313,"column":41}},"loc":{"start":{"line":313,"column":63},"end":{"line":349,"column":3}},"line":313},"25":{"name":"(anonymous_25)","decl":{"start":{"line":354,"column":36},"end":{"line":354,"column":37}},"loc":{"start":{"line":354,"column":48},"end":{"line":379,"column":3}},"line":354},"26":{"name":"(anonymous_26)","decl":{"start":{"line":375,"column":6},"end":{"line":375,"column":7}},"loc":{"start":{"line":375,"column":20},"end":{"line":377,"column":7}},"line":375},"27":{"name":"(anonymous_27)","decl":{"start":{"line":381,"column":22},"end":{"line":381,"column":23}},"loc":{"start":{"line":381,"column":28},"end":{"line":434,"column":3}},"line":381},"28":{"name":"(anonymous_28)","decl":{"start":{"line":383,"column":16},"end":{"line":383,"column":17}},"loc":{"start":{"line":383,"column":36},"end":{"line":433,"column":5}},"line":383},"29":{"name":"(anonymous_29)","decl":{"start":{"line":387,"column":10},"end":{"line":387,"column":11}},"loc":{"start":{"line":387,"column":24},"end":{"line":426,"column":11}},"line":387},"30":{"name":"(anonymous_30)","decl":{"start":{"line":427,"column":10},"end":{"line":427,"column":11}},"loc":{"start":{"line":427,"column":21},"end":{"line":429,"column":11}},"line":427},"31":{"name":"(anonymous_31)","decl":{"start":{"line":436,"column":23},"end":{"line":436,"column":24}},"loc":{"start":{"line":436,"column":42},"end":{"line":476,"column":3}},"line":436},"32":{"name":"(anonymous_32)","decl":{"start":{"line":438,"column":21},"end":{"line":438,"column":22}},"loc":{"start":{"line":438,"column":27},"end":{"line":452,"column":5}},"line":438},"33":{"name":"(anonymous_33)","decl":{"start":{"line":444,"column":14},"end":{"line":444,"column":15}},"loc":{"start":{"line":444,"column":34},"end":{"line":448,"column":9}},"line":444},"34":{"name":"(anonymous_34)","decl":{"start":{"line":449,"column":15},"end":{"line":449,"column":16}},"loc":{"start":{"line":450,"column":10},"end":{"line":450,"column":67}},"line":450},"35":{"name":"(anonymous_35)","decl":{"start":{"line":455,"column":17},"end":{"line":455,"column":18}},"loc":{"start":{"line":455,"column":23},"end":{"line":455,"column":33}},"line":455},"36":{"name":"(anonymous_36)","decl":{"start":{"line":481,"column":35},"end":{"line":481,"column":36}},"loc":{"start":{"line":481,"column":47},"end":{"line":506,"column":3}},"line":481},"37":{"name":"(anonymous_37)","decl":{"start":{"line":502,"column":6},"end":{"line":502,"column":7}},"loc":{"start":{"line":502,"column":20},"end":{"line":504,"column":7}},"line":502},"38":{"name":"(anonymous_38)","decl":{"start":{"line":508,"column":22},"end":{"line":508,"column":23}},"loc":{"start":{"line":508,"column":28},"end":{"line":513,"column":3}},"line":508},"39":{"name":"(anonymous_39)","decl":{"start":{"line":510,"column":16},"end":{"line":510,"column":17}},"loc":{"start":{"line":510,"column":30},"end":{"line":512,"column":5}},"line":510},"40":{"name":"(anonymous_40)","decl":{"start":{"line":515,"column":22},"end":{"line":515,"column":23}},"loc":{"start":{"line":515,"column":44},"end":{"line":523,"column":3}},"line":515},"41":{"name":"(anonymous_41)","decl":{"start":{"line":534,"column":124},"end":{"line":534,"column":125}},"loc":{"start":{"line":534,"column":130},"end":{"line":534,"column":149}},"line":534},"42":{"name":"(anonymous_42)","decl":{"start":{"line":544,"column":26},"end":{"line":544,"column":27}},"loc":{"start":{"line":544,"column":32},"end":{"line":546,"column":11}},"line":544},"43":{"name":"(anonymous_43)","decl":{"start":{"line":548,"column":43},"end":{"line":548,"column":44}},"loc":{"start":{"line":548,"column":49},"end":{"line":548,"column":71}},"line":548},"44":{"name":"(anonymous_44)","decl":{"start":{"line":562,"column":23},"end":{"line":562,"column":24}},"loc":{"start":{"line":562,"column":29},"end":{"line":564,"column":15}},"line":562},"45":{"name":"(anonymous_45)","decl":{"start":{"line":573,"column":23},"end":{"line":573,"column":24}},"loc":{"start":{"line":573,"column":29},"end":{"line":575,"column":15}},"line":573},"46":{"name":"(anonymous_46)","decl":{"start":{"line":584,"column":23},"end":{"line":584,"column":24}},"loc":{"start":{"line":584,"column":29},"end":{"line":586,"column":15}},"line":584},"47":{"name":"(anonymous_47)","decl":{"start":{"line":601,"column":26},"end":{"line":601,"column":27}},"loc":{"start":{"line":601,"column":32},"end":{"line":603,"column":11}},"line":601},"48":{"name":"(anonymous_48)","decl":{"start":{"line":614,"column":39},"end":{"line":614,"column":40}},"loc":{"start":{"line":614,"column":45},"end":{"line":614,"column":78}},"line":614},"49":{"name":"(anonymous_49)","decl":{"start":{"line":626,"column":19},"end":{"line":626,"column":20}},"loc":{"start":{"line":626,"column":25},"end":{"line":628,"column":11}},"line":626},"50":{"name":"(anonymous_50)","decl":{"start":{"line":638,"column":19},"end":{"line":638,"column":20}},"loc":{"start":{"line":638,"column":25},"end":{"line":651,"column":11}},"line":638},"51":{"name":"(anonymous_51)","decl":{"start":{"line":642,"column":25},"end":{"line":642,"column":26}},"loc":{"start":{"line":642,"column":31},"end":{"line":642,"column":65}},"line":642},"52":{"name":"(anonymous_52)","decl":{"start":{"line":648,"column":24},"end":{"line":648,"column":25}},"loc":{"start":{"line":648,"column":30},"end":{"line":648,"column":41}},"line":648},"53":{"name":"(anonymous_53)","decl":{"start":{"line":666,"column":16},"end":{"line":666,"column":17}},"loc":{"start":{"line":666,"column":30},"end":{"line":668,"column":9}},"line":666},"54":{"name":"(anonymous_54)","decl":{"start":{"line":689,"column":28},"end":{"line":689,"column":29}},"loc":{"start":{"line":689,"column":44},"end":{"line":723,"column":9}},"line":689},"55":{"name":"(anonymous_55)","decl":{"start":{"line":709,"column":29},"end":{"line":709,"column":30}},"loc":{"start":{"line":709,"column":35},"end":{"line":711,"column":21}},"line":709},"56":{"name":"(anonymous_56)","decl":{"start":{"line":724,"column":22},"end":{"line":724,"column":23}},"loc":{"start":{"line":724,"column":38},"end":{"line":869,"column":9}},"line":724},"57":{"name":"(anonymous_57)","decl":{"start":{"line":732,"column":29},"end":{"line":732,"column":30}},"loc":{"start":{"line":732,"column":35},"end":{"line":736,"column":17}},"line":732},"58":{"name":"(anonymous_58)","decl":{"start":{"line":746,"column":34},"end":{"line":746,"column":35}},"loc":{"start":{"line":746,"column":40},"end":{"line":756,"column":17}},"line":746},"59":{"name":"(anonymous_59)","decl":{"start":{"line":818,"column":29},"end":{"line":818,"column":30}},"loc":{"start":{"line":818,"column":35},"end":{"line":822,"column":17}},"line":818},"60":{"name":"(anonymous_60)","decl":{"start":{"line":836,"column":33},"end":{"line":836,"column":34}},"loc":{"start":{"line":836,"column":39},"end":{"line":838,"column":21}},"line":836},"61":{"name":"(anonymous_61)","decl":{"start":{"line":852,"column":29},"end":{"line":852,"column":30}},"loc":{"start":{"line":852,"column":35},"end":{"line":856,"column":17}},"line":852}},"branchMap":{"0":{"loc":{"start":{"line":161,"column":6},"end":{"line":163,"column":7}},"type":"if","locations":[{"start":{"line":161,"column":6},"end":{"line":163,"column":7}},{"start":{},"end":{}}],"line":161},"1":{"loc":{"start":{"line":194,"column":6},"end":{"line":196,"column":7}},"type":"if","locations":[{"start":{"line":194,"column":6},"end":{"line":196,"column":7}},{"start":{},"end":{}}],"line":194},"2":{"loc":{"start":{"line":262,"column":6},"end":{"line":283,"column":7}},"type":"if","locations":[{"start":{"line":262,"column":6},"end":{"line":283,"column":7}},{"start":{"line":264,"column":13},"end":{"line":283,"column":7}}],"line":262},"3":{"loc":{"start":{"line":264,"column":13},"end":{"line":283,"column":7}},"type":"if","locations":[{"start":{"line":264,"column":13},"end":{"line":283,"column":7}},{"start":{"line":266,"column":13},"end":{"line":283,"column":7}}],"line":264},"4":{"loc":{"start":{"line":266,"column":13},"end":{"line":283,"column":7}},"type":"if","locations":[{"start":{"line":266,"column":13},"end":{"line":283,"column":7}},{"start":{"line":281,"column":13},"end":{"line":283,"column":7}}],"line":266},"5":{"loc":{"start":{"line":289,"column":6},"end":{"line":309,"column":7}},"type":"if","locations":[{"start":{"line":289,"column":6},"end":{"line":309,"column":7}},{"start":{"line":291,"column":13},"end":{"line":309,"column":7}}],"line":289},"6":{"loc":{"start":{"line":291,"column":13},"end":{"line":309,"column":7}},"type":"if","locations":[{"start":{"line":291,"column":13},"end":{"line":309,"column":7}},{"start":{"line":293,"column":13},"end":{"line":309,"column":7}}],"line":291},"7":{"loc":{"start":{"line":293,"column":13},"end":{"line":309,"column":7}},"type":"if","locations":[{"start":{"line":293,"column":13},"end":{"line":309,"column":7}},{"start":{"line":307,"column":13},"end":{"line":309,"column":7}}],"line":293},"8":{"loc":{"start":{"line":367,"column":6},"end":{"line":373,"column":7}},"type":"if","locations":[{"start":{"line":367,"column":6},"end":{"line":373,"column":7}},{"start":{"line":370,"column":13},"end":{"line":373,"column":7}}],"line":367},"9":{"loc":{"start":{"line":385,"column":6},"end":{"line":432,"column":7}},"type":"if","locations":[{"start":{"line":385,"column":6},"end":{"line":432,"column":7}},{"start":{},"end":{}}],"line":385},"10":{"loc":{"start":{"line":445,"column":10},"end":{"line":447,"column":11}},"type":"if","locations":[{"start":{"line":445,"column":10},"end":{"line":447,"column":11}},{"start":{},"end":{}}],"line":445},"11":{"loc":{"start":{"line":494,"column":6},"end":{"line":500,"column":7}},"type":"if","locations":[{"start":{"line":494,"column":6},"end":{"line":500,"column":7}},{"start":{"line":497,"column":13},"end":{"line":500,"column":7}}],"line":494},"12":{"loc":{"start":{"line":517,"column":4},"end":{"line":521,"column":5}},"type":"if","locations":[{"start":{"line":517,"column":4},"end":{"line":521,"column":5}},{"start":{"line":519,"column":11},"end":{"line":521,"column":5}}],"line":517},"13":{"loc":{"start":{"line":727,"column":10},"end":{"line":759,"column":11}},"type":"if","locations":[{"start":{"line":727,"column":10},"end":{"line":759,"column":11}},{"start":{},"end":{}}],"line":727},"14":{"loc":{"start":{"line":761,"column":10},"end":{"line":847,"column":11}},"type":"if","locations":[{"start":{"line":761,"column":10},"end":{"line":847,"column":11}},{"start":{},"end":{}}],"line":761}},"s":{"0":1,"1":0,"2":0,"3":0,"4":0,"5":0,"6":0,"7":0,"8":0,"9":0,"10":0,"11":0,"12":0,"13":0,"14":0,"15":0,"16":0,"17":0,"18":0,"19":0,"20":0,"21":0,"22":0,"23":0,"24":0,"25":0,"26":0,"27":0,"28":0,"29":0,"30":0,"31":0,"32":0,"33":0,"34":0,"35":0,"36":0,"37":0,"38":0,"39":0,"40":0,"41":0,"42":0,"43":0,"44":0,"45":0,"46":0,"47":0,"48":0,"49":0,"50":0,"51":0,"52":0,"53":0,"54":0,"55":0,"56":0,"57":0,"58":0,"59":0,"60":0,"61":0,"62":0,"63":0,"64":0,"65":0,"66":0,"67":0,"68":0,"69":0,"70":0,"71":0,"72":0,"73":0,"74":0,"75":0,"76":0,"77":0,"78":0,"79":0,"80":0,"81":0,"82":0,"83":0,"84":0,"85":0,"86":0,"87":0,"88":0,"89":0,"90":0,"91":0,"92":0,"93":0,"94":0,"95":0,"96":0,"97":0,"98":0,"99":0,"100":0,"101":0,"102":0,"103":0,"104":0,"105":0,"106":0,"107":0,"108":0,"109":0,"110":0,"111":0,"112":0,"113":0,"114":0,"115":0,"116":0,"117":0,"118":0,"119":0,"120":0,"121":0,"122":0,"123":0,"124":0,"125":0,"126":0,"127":0,"128":0,"129":0,"130":0,"131":0,"132":0,"133":0,"134":0,"135":0,"136":0,"137":0,"138":0,"139":0,"140":0,"141":0,"142":0,"143":0,"144":0,"145":0,"146":0,"147":0,"148":0,"149":0,"150":0,"151":0,"152":0,"153":0,"154":0,"155":0,"156":0,"157":0,"158":0,"159":0,"160":0,"161":0,"162":0,"163":0,"164":0,"165":0,"166":0,"167":0,"168":0,"169":0,"170":0,"171":0,"172":0,"173":0,"174":0,"175":0,"176":0,"177":0,"178":0,"179":0,"180":0,"181":0,"182":0,"183":0,"184":0,"185":0,"186":0,"187":0,"188":0,"189":0,"190":0,"191":0,"192":0,"193":0,"194":0,"195":0,"196":0,"197":1},"f":{"0":0,"1":0,"2":0,"3":0,"4":0,"5":0,"6":0,"7":0,"8":0,"9":0,"10":0,"11":0,"12":0,"13":0,"14":0,"15":0,"16":0,"17":0,"18":0,"19":0,"20":0,"21":0,"22":0,"23":0,"24":0,"25":0,"26":0,"27":0,"28":0,"29":0,"30":0,"31":0,"32":0,"33":0,"34":0,"35":0,"36":0,"37":0,"38":0,"39":0,"40":0,"41":0,"42":0,"43":0,"44":0,"45":0,"46":0,"47":0,"48":0,"49":0,"50":0,"51":0,"52":0,"53":0,"54":0,"55":0,"56":0,"57":0,"58":0,"59":0,"60":0,"61":0},"b":{"0":[0,0],"1":[0,0],"2":[0,0],"3":[0,0],"4":[0,0],"5":[0,0],"6":[0,0],"7":[0,0],"8":[0,0],"9":[0,0],"10":[0,0],"11":[0,0],"12":[0,0],"13":[0,0],"14":[0,0]},"_coverageSchema":"1a1c01bbd47fc00a2c39e90264f33305004495a9","hash":"fb78d4f2c379a5007760557578a8050794735a02"}
,"/Users/pcs248/Documents/DevRN/FireChat/src/screens/signUpModule/signUpScreen.tsx": {"path":"/Users/pcs248/Documents/DevRN/FireChat/src/screens/signUpModule/signUpScreen.tsx","statementMap":{"0":{"start":{"line":20,"column":24},"end":{"line":207,"column":1}},"1":{"start":{"line":22,"column":22},"end":{"line":22,"column":38}},"2":{"start":{"line":23,"column":23},"end":{"line":23,"column":84}},"3":{"start":{"line":45,"column":8},"end":{"line":45,"column":17}},"4":{"start":{"line":46,"column":26},"end":{"line":65,"column":5}},"5":{"start":{"line":55,"column":8},"end":{"line":64,"column":59}},"6":{"start":{"line":64,"column":21},"end":{"line":64,"column":58}},"7":{"start":{"line":66,"column":26},"end":{"line":76,"column":5}},"8":{"start":{"line":67,"column":8},"end":{"line":67,"column":22}},"9":{"start":{"line":68,"column":8},"end":{"line":68,"column":24}},"10":{"start":{"line":69,"column":8},"end":{"line":75,"column":9}},"11":{"start":{"line":70,"column":12},"end":{"line":70,"column":72}},"12":{"start":{"line":71,"column":12},"end":{"line":71,"column":96}},"13":{"start":{"line":72,"column":12},"end":{"line":72,"column":47}},"14":{"start":{"line":74,"column":12},"end":{"line":74,"column":28}},"15":{"start":{"line":77,"column":4},"end":{"line":206,"column":6}},"16":{"start":{"line":91,"column":28},"end":{"line":91,"column":43}},"17":{"start":{"line":92,"column":28},"end":{"line":92,"column":48}},"18":{"start":{"line":103,"column":51},"end":{"line":103,"column":67}},"19":{"start":{"line":103,"column":68},"end":{"line":103,"column":89}},"20":{"start":{"line":113,"column":51},"end":{"line":113,"column":73}},"21":{"start":{"line":113,"column":74},"end":{"line":113,"column":101}},"22":{"start":{"line":129,"column":55},"end":{"line":129,"column":73}},"23":{"start":{"line":140,"column":55},"end":{"line":140,"column":80}},"24":{"start":{"line":141,"column":50},"end":{"line":141,"column":94}},"25":{"start":{"line":180,"column":43},"end":{"line":180,"column":56}},"26":{"start":{"line":192,"column":43},"end":{"line":192,"column":58}},"27":{"start":{"line":197,"column":59},"end":{"line":197,"column":94}}},"fnMap":{"0":{"name":"(anonymous_0)","decl":{"start":{"line":20,"column":24},"end":{"line":20,"column":25}},"loc":{"start":{"line":20,"column":30},"end":{"line":207,"column":1}},"line":20},"1":{"name":"(anonymous_1)","decl":{"start":{"line":46,"column":26},"end":{"line":46,"column":27}},"loc":{"start":{"line":46,"column":37},"end":{"line":65,"column":5}},"line":46},"2":{"name":"(anonymous_2)","decl":{"start":{"line":64,"column":15},"end":{"line":64,"column":16}},"loc":{"start":{"line":64,"column":21},"end":{"line":64,"column":58}},"line":64},"3":{"name":"(anonymous_3)","decl":{"start":{"line":66,"column":26},"end":{"line":66,"column":27}},"loc":{"start":{"line":66,"column":38},"end":{"line":76,"column":5}},"line":66},"4":{"name":"(anonymous_4)","decl":{"start":{"line":90,"column":38},"end":{"line":90,"column":39}},"loc":{"start":{"line":90,"column":49},"end":{"line":93,"column":25}},"line":90},"5":{"name":"(anonymous_5)","decl":{"start":{"line":103,"column":38},"end":{"line":103,"column":39}},"loc":{"start":{"line":103,"column":49},"end":{"line":103,"column":91}},"line":103},"6":{"name":"(anonymous_6)","decl":{"start":{"line":113,"column":38},"end":{"line":113,"column":39}},"loc":{"start":{"line":113,"column":49},"end":{"line":113,"column":103}},"line":113},"7":{"name":"(anonymous_7)","decl":{"start":{"line":129,"column":42},"end":{"line":129,"column":43}},"loc":{"start":{"line":129,"column":53},"end":{"line":129,"column":75}},"line":129},"8":{"name":"(anonymous_8)","decl":{"start":{"line":140,"column":42},"end":{"line":140,"column":43}},"loc":{"start":{"line":140,"column":53},"end":{"line":140,"column":82}},"line":140},"9":{"name":"(anonymous_9)","decl":{"start":{"line":141,"column":42},"end":{"line":141,"column":43}},"loc":{"start":{"line":141,"column":48},"end":{"line":141,"column":96}},"line":141},"10":{"name":"(anonymous_10)","decl":{"start":{"line":180,"column":37},"end":{"line":180,"column":38}},"loc":{"start":{"line":180,"column":43},"end":{"line":180,"column":56}},"line":180},"11":{"name":"(anonymous_11)","decl":{"start":{"line":192,"column":37},"end":{"line":192,"column":38}},"loc":{"start":{"line":192,"column":43},"end":{"line":192,"column":58}},"line":192},"12":{"name":"(anonymous_12)","decl":{"start":{"line":197,"column":51},"end":{"line":197,"column":52}},"loc":{"start":{"line":197,"column":57},"end":{"line":197,"column":96}},"line":197}},"branchMap":{"0":{"loc":{"start":{"line":96,"column":21},"end":{"line":96,"column":157}},"type":"cond-expr","locations":[{"start":{"line":96,"column":41},"end":{"line":96,"column":147}},{"start":{"line":96,"column":152},"end":{"line":96,"column":156}}],"line":96},"1":{"loc":{"start":{"line":106,"column":21},"end":{"line":106,"column":159}},"type":"cond-expr","locations":[{"start":{"line":106,"column":42},"end":{"line":106,"column":149}},{"start":{"line":106,"column":154},"end":{"line":106,"column":158}}],"line":106},"2":{"loc":{"start":{"line":117,"column":21},"end":{"line":117,"column":171}},"type":"cond-expr","locations":[{"start":{"line":117,"column":48},"end":{"line":117,"column":161}},{"start":{"line":117,"column":166},"end":{"line":117,"column":170}}],"line":117},"3":{"loc":{"start":{"line":147,"column":21},"end":{"line":147,"column":165}},"type":"cond-expr","locations":[{"start":{"line":147,"column":45},"end":{"line":147,"column":155}},{"start":{"line":147,"column":160},"end":{"line":147,"column":164}}],"line":147}},"s":{"0":1,"1":15,"2":15,"3":15,"4":15,"5":0,"6":0,"7":15,"8":0,"9":0,"10":0,"11":0,"12":0,"13":0,"14":0,"15":15,"16":0,"17":0,"18":0,"19":0,"20":0,"21":0,"22":0,"23":0,"24":0,"25":1,"26":0,"27":0},"f":{"0":15,"1":0,"2":0,"3":0,"4":0,"5":0,"6":0,"7":0,"8":0,"9":0,"10":1,"11":0,"12":0},"b":{"0":[0,15],"1":[0,15],"2":[0,15],"3":[0,15]},"_coverageSchema":"1a1c01bbd47fc00a2c39e90264f33305004495a9","hash":"575e8dad9fa3e0803416a84932b6025fa588fd3f"}
,"/Users/pcs248/Documents/DevRN/FireChat/src/screens/signUpModule/signUpScreenValidator.tsx": {"path":"/Users/pcs248/Documents/DevRN/FireChat/src/screens/signUpModule/signUpScreenValidator.tsx","statementMap":{"0":{"start":{"line":5,"column":28},"end":{"line":5,"column":48}},"1":{"start":{"line":6,"column":30},"end":{"line":6,"column":50}},"2":{"start":{"line":7,"column":36},"end":{"line":7,"column":56}},"3":{"start":{"line":8,"column":50},"end":{"line":8,"column":70}},"4":{"start":{"line":9,"column":42},"end":{"line":9,"column":62}},"5":{"start":{"line":10,"column":38},"end":{"line":10,"column":58}},"6":{"start":{"line":11,"column":40},"end":{"line":11,"column":60}},"7":{"start":{"line":12,"column":46},"end":{"line":12,"column":66}},"8":{"start":{"line":13,"column":52},"end":{"line":13,"column":72}},"9":{"start":{"line":15,"column":42},"end":{"line":15,"column":66}},"10":{"start":{"line":17,"column":22},"end":{"line":17,"column":39}},"11":{"start":{"line":18,"column":23},"end":{"line":18,"column":87}},"12":{"start":{"line":20,"column":4},"end":{"line":23,"column":46}},"13":{"start":{"line":21,"column":8},"end":{"line":22,"column":32}},"14":{"start":{"line":22,"column":12},"end":{"line":22,"column":32}},"15":{"start":{"line":25,"column":26},"end":{"line":42,"column":5}},"16":{"start":{"line":26,"column":8},"end":{"line":41,"column":9}},"17":{"start":{"line":28,"column":16},"end":{"line":28,"column":56}},"18":{"start":{"line":30,"column":16},"end":{"line":30,"column":22}},"19":{"start":{"line":32,"column":16},"end":{"line":32,"column":71}},"20":{"start":{"line":34,"column":16},"end":{"line":34,"column":22}},"21":{"start":{"line":36,"column":16},"end":{"line":36,"column":51}},"22":{"start":{"line":38,"column":16},"end":{"line":38,"column":22}},"23":{"start":{"line":40,"column":16},"end":{"line":40,"column":32}},"24":{"start":{"line":44,"column":27},"end":{"line":55,"column":5}},"25":{"start":{"line":45,"column":8},"end":{"line":54,"column":9}},"26":{"start":{"line":47,"column":16},"end":{"line":47,"column":57}},"27":{"start":{"line":48,"column":16},"end":{"line":48,"column":22}},"28":{"start":{"line":50,"column":16},"end":{"line":50,"column":60}},"29":{"start":{"line":51,"column":16},"end":{"line":51,"column":22}},"30":{"start":{"line":53,"column":16},"end":{"line":53,"column":33}},"31":{"start":{"line":57,"column":30},"end":{"line":68,"column":5}},"32":{"start":{"line":58,"column":8},"end":{"line":67,"column":9}},"33":{"start":{"line":60,"column":16},"end":{"line":60,"column":64}},"34":{"start":{"line":61,"column":16},"end":{"line":61,"column":22}},"35":{"start":{"line":63,"column":16},"end":{"line":63,"column":81}},"36":{"start":{"line":64,"column":16},"end":{"line":64,"column":22}},"37":{"start":{"line":66,"column":16},"end":{"line":66,"column":36}},"38":{"start":{"line":70,"column":33},"end":{"line":78,"column":5}},"39":{"start":{"line":71,"column":8},"end":{"line":77,"column":9}},"40":{"start":{"line":73,"column":16},"end":{"line":73,"column":70}},"41":{"start":{"line":74,"column":16},"end":{"line":74,"column":22}},"42":{"start":{"line":76,"column":12},"end":{"line":76,"column":35}},"43":{"start":{"line":80,"column":24},"end":{"line":86,"column":5}},"44":{"start":{"line":81,"column":8},"end":{"line":81,"column":36}},"45":{"start":{"line":82,"column":8},"end":{"line":82,"column":19}},"46":{"start":{"line":83,"column":8},"end":{"line":83,"column":20}},"47":{"start":{"line":84,"column":8},"end":{"line":84,"column":23}},"48":{"start":{"line":85,"column":8},"end":{"line":85,"column":30}},"49":{"start":{"line":88,"column":24},"end":{"line":101,"column":5}},"50":{"start":{"line":89,"column":8},"end":{"line":89,"column":27}},"51":{"start":{"line":90,"column":8},"end":{"line":90,"column":29}},"52":{"start":{"line":91,"column":8},"end":{"line":91,"column":52}},"53":{"start":{"line":93,"column":8},"end":{"line":100,"column":9}},"54":{"start":{"line":94,"column":12},"end":{"line":94,"column":25}},"55":{"start":{"line":95,"column":12},"end":{"line":95,"column":33}},"56":{"start":{"line":97,"column":12},"end":{"line":97,"column":25}},"57":{"start":{"line":98,"column":12},"end":{"line":98,"column":33}},"58":{"start":{"line":99,"column":12},"end":{"line":99,"column":43}},"59":{"start":{"line":103,"column":4},"end":{"line":125,"column":5}}},"fnMap":{"0":{"name":"fieldValidator","decl":{"start":{"line":3,"column":24},"end":{"line":3,"column":38}},"loc":{"start":{"line":3,"column":41},"end":{"line":126,"column":1}},"line":3},"1":{"name":"(anonymous_1)","decl":{"start":{"line":20,"column":14},"end":{"line":20,"column":15}},"loc":{"start":{"line":20,"column":20},"end":{"line":23,"column":5}},"line":20},"2":{"name":"(anonymous_2)","decl":{"start":{"line":25,"column":26},"end":{"line":25,"column":27}},"loc":{"start":{"line":25,"column":45},"end":{"line":42,"column":5}},"line":25},"3":{"name":"(anonymous_3)","decl":{"start":{"line":44,"column":27},"end":{"line":44,"column":28}},"loc":{"start":{"line":44,"column":46},"end":{"line":55,"column":5}},"line":44},"4":{"name":"(anonymous_4)","decl":{"start":{"line":57,"column":30},"end":{"line":57,"column":31}},"loc":{"start":{"line":57,"column":87},"end":{"line":68,"column":5}},"line":57},"5":{"name":"(anonymous_5)","decl":{"start":{"line":70,"column":33},"end":{"line":70,"column":34}},"loc":{"start":{"line":70,"column":52},"end":{"line":78,"column":5}},"line":70},"6":{"name":"(anonymous_6)","decl":{"start":{"line":80,"column":24},"end":{"line":80,"column":25}},"loc":{"start":{"line":80,"column":30},"end":{"line":86,"column":5}},"line":80},"7":{"name":"(anonymous_7)","decl":{"start":{"line":88,"column":24},"end":{"line":88,"column":25}},"loc":{"start":{"line":88,"column":30},"end":{"line":101,"column":5}},"line":88}},"branchMap":{"0":{"loc":{"start":{"line":21,"column":8},"end":{"line":22,"column":32}},"type":"if","locations":[{"start":{"line":21,"column":8},"end":{"line":22,"column":32}},{"start":{},"end":{}}],"line":21},"1":{"loc":{"start":{"line":21,"column":11},"end":{"line":21,"column":72}},"type":"binary-expr","locations":[{"start":{"line":21,"column":11},"end":{"line":21,"column":27}},{"start":{"line":21,"column":31},"end":{"line":21,"column":48}},{"start":{"line":21,"column":52},"end":{"line":21,"column":72}}],"line":21},"2":{"loc":{"start":{"line":26,"column":8},"end":{"line":41,"column":9}},"type":"switch","locations":[{"start":{"line":27,"column":12},"end":{"line":30,"column":22}},{"start":{"line":31,"column":12},"end":{"line":34,"column":22}},{"start":{"line":35,"column":12},"end":{"line":38,"column":22}},{"start":{"line":39,"column":12},"end":{"line":40,"column":32}}],"line":26},"3":{"loc":{"start":{"line":45,"column":8},"end":{"line":54,"column":9}},"type":"switch","locations":[{"start":{"line":46,"column":12},"end":{"line":48,"column":22}},{"start":{"line":49,"column":12},"end":{"line":51,"column":22}},{"start":{"line":52,"column":12},"end":{"line":53,"column":33}}],"line":45},"4":{"loc":{"start":{"line":58,"column":8},"end":{"line":67,"column":9}},"type":"switch","locations":[{"start":{"line":59,"column":12},"end":{"line":61,"column":22}},{"start":{"line":62,"column":12},"end":{"line":64,"column":22}},{"start":{"line":65,"column":12},"end":{"line":66,"column":36}}],"line":58},"5":{"loc":{"start":{"line":59,"column":17},"end":{"line":59,"column":80}},"type":"binary-expr","locations":[{"start":{"line":59,"column":17},"end":{"line":59,"column":43}},{"start":{"line":59,"column":47},"end":{"line":59,"column":80}}],"line":59},"6":{"loc":{"start":{"line":62,"column":18},"end":{"line":62,"column":112}},"type":"binary-expr","locations":[{"start":{"line":62,"column":18},"end":{"line":62,"column":56}},{"start":{"line":62,"column":60},"end":{"line":62,"column":112}}],"line":62},"7":{"loc":{"start":{"line":71,"column":8},"end":{"line":77,"column":9}},"type":"switch","locations":[{"start":{"line":72,"column":12},"end":{"line":74,"column":22}},{"start":{"line":75,"column":12},"end":{"line":76,"column":35}}],"line":71},"8":{"loc":{"start":{"line":93,"column":8},"end":{"line":100,"column":9}},"type":"if","locations":[{"start":{"line":93,"column":8},"end":{"line":100,"column":9}},{"start":{"line":96,"column":15},"end":{"line":100,"column":9}}],"line":93}},"s":{"0":40,"1":40,"2":40,"3":40,"4":40,"5":40,"6":40,"7":40,"8":40,"9":40,"10":40,"11":40,"12":40,"13":17,"14":17,"15":40,"16":0,"17":0,"18":0,"19":0,"20":0,"21":0,"22":0,"23":0,"24":40,"25":1,"26":0,"27":0,"28":0,"29":0,"30":1,"31":40,"32":0,"33":0,"34":0,"35":0,"36":0,"37":0,"38":40,"39":0,"40":0,"41":0,"42":0,"43":40,"44":1,"45":1,"46":1,"47":1,"48":1,"49":40,"50":0,"51":0,"52":0,"53":0,"54":0,"55":0,"56":0,"57":0,"58":0,"59":40},"f":{"0":40,"1":17,"2":0,"3":1,"4":0,"5":0,"6":1,"7":0},"b":{"0":[17,0],"1":[17,17,17],"2":[0,0,0,0],"3":[0,0,1],"4":[0,0,0],"5":[0,0],"6":[0,0],"7":[0,0],"8":[0,0]},"_coverageSchema":"1a1c01bbd47fc00a2c39e90264f33305004495a9","hash":"56b419b342affd6f2cb499e5a0fff854cc4ceb19"}
,"/Users/pcs248/Documents/DevRN/FireChat/src/screens/signUpModule/signUpStyles.tsx": {"path":"/Users/pcs248/Documents/DevRN/FireChat/src/screens/signUpModule/signUpStyles.tsx","statementMap":{"0":{"start":{"line":3,"column":15},"end":{"line":66,"column":2}}},"fnMap":{},"branchMap":{},"s":{"0":1},"f":{},"b":{},"_coverageSchema":"1a1c01bbd47fc00a2c39e90264f33305004495a9","hash":"1607b507a09c25b679ccda0f72b334e562f7af21"}
,"/Users/pcs248/Documents/DevRN/FireChat/src/screens/signedInModule/signInScreen.tsx": {"path":"/Users/pcs248/Documents/DevRN/FireChat/src/screens/signedInModule/signInScreen.tsx","statementMap":{"0":{"start":{"line":20,"column":19},"end":{"line":129,"column":1}},"1":{"start":{"line":21,"column":20},"end":{"line":21,"column":36}},"2":{"start":{"line":22,"column":42},"end":{"line":22,"column":62}},"3":{"start":{"line":23,"column":21},"end":{"line":23,"column":82}},"4":{"start":{"line":32,"column":6},"end":{"line":32,"column":15}},"5":{"start":{"line":34,"column":23},"end":{"line":48,"column":3}},"6":{"start":{"line":35,"column":4},"end":{"line":47,"column":5}},"7":{"start":{"line":36,"column":6},"end":{"line":39,"column":8}},"8":{"start":{"line":40,"column":6},"end":{"line":40,"column":26}},"9":{"start":{"line":41,"column":6},"end":{"line":41,"column":19}},"10":{"start":{"line":42,"column":6},"end":{"line":42,"column":22}},"11":{"start":{"line":43,"column":6},"end":{"line":43,"column":41}},"12":{"start":{"line":45,"column":6},"end":{"line":45,"column":78}},"13":{"start":{"line":46,"column":6},"end":{"line":46,"column":35}},"14":{"start":{"line":50,"column":4},"end":{"line":128,"column":6}},"15":{"start":{"line":71,"column":16},"end":{"line":71,"column":32}},"16":{"start":{"line":72,"column":16},"end":{"line":72,"column":38}},"17":{"start":{"line":92,"column":16},"end":{"line":92,"column":35}},"18":{"start":{"line":101,"column":14},"end":{"line":101,"column":29}},"19":{"start":{"line":110,"column":14},"end":{"line":110,"column":50}},"20":{"start":{"line":119,"column":14},"end":{"line":119,"column":50}},"21":{"start":{"line":131,"column":15},"end":{"line":192,"column":2}}},"fnMap":{"0":{"name":"(anonymous_0)","decl":{"start":{"line":20,"column":19},"end":{"line":20,"column":20}},"loc":{"start":{"line":20,"column":25},"end":{"line":129,"column":1}},"line":20},"1":{"name":"(anonymous_1)","decl":{"start":{"line":34,"column":23},"end":{"line":34,"column":24}},"loc":{"start":{"line":34,"column":35},"end":{"line":48,"column":3}},"line":34},"2":{"name":"(anonymous_2)","decl":{"start":{"line":70,"column":28},"end":{"line":70,"column":29}},"loc":{"start":{"line":70,"column":37},"end":{"line":73,"column":15}},"line":70},"3":{"name":"(anonymous_3)","decl":{"start":{"line":91,"column":28},"end":{"line":91,"column":29}},"loc":{"start":{"line":91,"column":37},"end":{"line":93,"column":15}},"line":91},"4":{"name":"(anonymous_4)","decl":{"start":{"line":100,"column":21},"end":{"line":100,"column":22}},"loc":{"start":{"line":100,"column":27},"end":{"line":102,"column":13}},"line":100},"5":{"name":"(anonymous_5)","decl":{"start":{"line":109,"column":21},"end":{"line":109,"column":22}},"loc":{"start":{"line":109,"column":27},"end":{"line":111,"column":13}},"line":109},"6":{"name":"(anonymous_6)","decl":{"start":{"line":118,"column":21},"end":{"line":118,"column":22}},"loc":{"start":{"line":118,"column":27},"end":{"line":120,"column":13}},"line":118}},"branchMap":{"0":{"loc":{"start":{"line":77,"column":11},"end":{"line":83,"column":18}},"type":"cond-expr","locations":[{"start":{"line":78,"column":12},"end":{"line":82,"column":14}},{"start":{"line":83,"column":14},"end":{"line":83,"column":18}}],"line":77}},"s":{"0":1,"1":11,"2":11,"3":11,"4":11,"5":11,"6":1,"7":1,"8":0,"9":0,"10":0,"11":0,"12":1,"13":1,"14":11,"15":1,"16":1,"17":1,"18":1,"19":0,"20":0,"21":1},"f":{"0":11,"1":1,"2":1,"3":1,"4":1,"5":0,"6":0},"b":{"0":[0,11]},"_coverageSchema":"1a1c01bbd47fc00a2c39e90264f33305004495a9","hash":"85337bb286f4b7a381b6f282bda6e1e71fb150d9"}
,"/Users/pcs248/Documents/DevRN/FireChat/src/screens/signedInModule/signInWithPhoneScreen.tsx": {"path":"/Users/pcs248/Documents/DevRN/FireChat/src/screens/signedInModule/signInWithPhoneScreen.tsx","statementMap":{"0":{"start":{"line":11,"column":26},"end":{"line":122,"column":1}},"1":{"start":{"line":13,"column":22},"end":{"line":13,"column":38}},"2":{"start":{"line":14,"column":44},"end":{"line":14,"column":64}},"3":{"start":{"line":15,"column":48},"end":{"line":15,"column":72}},"4":{"start":{"line":16,"column":34},"end":{"line":16,"column":53}},"5":{"start":{"line":17,"column":28},"end":{"line":17,"column":40}},"6":{"start":{"line":18,"column":68},"end":{"line":18,"column":92}},"7":{"start":{"line":19,"column":38},"end":{"line":19,"column":62}},"8":{"start":{"line":20,"column":23},"end":{"line":20,"column":84}},"9":{"start":{"line":26,"column":8},"end":{"line":26,"column":17}},"10":{"start":{"line":27,"column":32},"end":{"line":34,"column":5}},"11":{"start":{"line":28,"column":8},"end":{"line":33,"column":9}},"12":{"start":{"line":29,"column":24},"end":{"line":29,"column":68}},"13":{"start":{"line":30,"column":8},"end":{"line":30,"column":27}},"14":{"start":{"line":32,"column":12},"end":{"line":32,"column":36}},"15":{"start":{"line":35,"column":24},"end":{"line":49,"column":5}},"16":{"start":{"line":36,"column":8},"end":{"line":36,"column":41}},"17":{"start":{"line":37,"column":8},"end":{"line":48,"column":16}},"18":{"start":{"line":38,"column":12},"end":{"line":38,"column":35}},"19":{"start":{"line":39,"column":12},"end":{"line":39,"column":44}},"20":{"start":{"line":40,"column":12},"end":{"line":47,"column":16}},"21":{"start":{"line":50,"column":35},"end":{"line":59,"column":5}},"22":{"start":{"line":51,"column":8},"end":{"line":58,"column":9}},"23":{"start":{"line":52,"column":11},"end":{"line":52,"column":38}},"24":{"start":{"line":53,"column":11},"end":{"line":53,"column":48}},"25":{"start":{"line":55,"column":11},"end":{"line":55,"column":46}},"26":{"start":{"line":57,"column":12},"end":{"line":57,"column":36}},"27":{"start":{"line":60,"column":4},"end":{"line":121,"column":6}},"28":{"start":{"line":70,"column":48},"end":{"line":70,"column":70}},"29":{"start":{"line":70,"column":71},"end":{"line":70,"column":98}},"30":{"start":{"line":78,"column":127},"end":{"line":78,"column":141}},"31":{"start":{"line":78,"column":142},"end":{"line":78,"column":160}},"32":{"start":{"line":98,"column":60},"end":{"line":98,"column":74}},"33":{"start":{"line":102,"column":103},"end":{"line":102,"column":127}},"34":{"start":{"line":108,"column":80},"end":{"line":108,"column":115}},"35":{"start":{"line":112,"column":69},"end":{"line":112,"column":104}},"36":{"start":{"line":124,"column":15},"end":{"line":182,"column":2}}},"fnMap":{"0":{"name":"(anonymous_0)","decl":{"start":{"line":11,"column":26},"end":{"line":11,"column":27}},"loc":{"start":{"line":11,"column":32},"end":{"line":122,"column":1}},"line":11},"1":{"name":"(anonymous_1)","decl":{"start":{"line":27,"column":32},"end":{"line":27,"column":33}},"loc":{"start":{"line":27,"column":59},"end":{"line":34,"column":5}},"line":27},"2":{"name":"(anonymous_2)","decl":{"start":{"line":35,"column":24},"end":{"line":35,"column":25}},"loc":{"start":{"line":35,"column":35},"end":{"line":49,"column":5}},"line":35},"3":{"name":"(anonymous_3)","decl":{"start":{"line":37,"column":19},"end":{"line":37,"column":20}},"loc":{"start":{"line":37,"column":25},"end":{"line":48,"column":9}},"line":37},"4":{"name":"(anonymous_4)","decl":{"start":{"line":50,"column":35},"end":{"line":50,"column":36}},"loc":{"start":{"line":50,"column":46},"end":{"line":59,"column":5}},"line":50},"5":{"name":"(anonymous_5)","decl":{"start":{"line":70,"column":36},"end":{"line":70,"column":37}},"loc":{"start":{"line":70,"column":47},"end":{"line":70,"column":99}},"line":70},"6":{"name":"(anonymous_6)","decl":{"start":{"line":78,"column":120},"end":{"line":78,"column":121}},"loc":{"start":{"line":78,"column":126},"end":{"line":78,"column":161}},"line":78},"7":{"name":"(anonymous_7)","decl":{"start":{"line":98,"column":48},"end":{"line":98,"column":49}},"loc":{"start":{"line":98,"column":59},"end":{"line":98,"column":75}},"line":98},"8":{"name":"(anonymous_8)","decl":{"start":{"line":102,"column":97},"end":{"line":102,"column":98}},"loc":{"start":{"line":102,"column":103},"end":{"line":102,"column":127}},"line":102},"9":{"name":"(anonymous_9)","decl":{"start":{"line":108,"column":73},"end":{"line":108,"column":74}},"loc":{"start":{"line":108,"column":79},"end":{"line":108,"column":116}},"line":108},"10":{"name":"(anonymous_10)","decl":{"start":{"line":112,"column":62},"end":{"line":112,"column":63}},"loc":{"start":{"line":112,"column":68},"end":{"line":112,"column":105}},"line":112}},"branchMap":{"0":{"loc":{"start":{"line":74,"column":17},"end":{"line":74,"column":224}},"type":"cond-expr","locations":[{"start":{"line":74,"column":44},"end":{"line":74,"column":216}},{"start":{"line":74,"column":219},"end":{"line":74,"column":223}}],"line":74},"1":{"loc":{"start":{"line":75,"column":18},"end":{"line":106,"column":17}},"type":"cond-expr","locations":[{"start":{"line":77,"column":20},"end":{"line":87,"column":23}},{"start":{"line":89,"column":20},"end":{"line":105,"column":23}}],"line":75},"2":{"loc":{"start":{"line":81,"column":25},"end":{"line":85,"column":32}},"type":"cond-expr","locations":[{"start":{"line":82,"column":28},"end":{"line":84,"column":35}},{"start":{"line":85,"column":28},"end":{"line":85,"column":32}}],"line":81}},"s":{"0":1,"1":14,"2":14,"3":14,"4":14,"5":14,"6":14,"7":14,"8":14,"9":14,"10":14,"11":0,"12":0,"13":0,"14":0,"15":14,"16":2,"17":2,"18":0,"19":0,"20":0,"21":14,"22":0,"23":0,"24":0,"25":0,"26":0,"27":14,"28":0,"29":0,"30":2,"31":2,"32":0,"33":0,"34":0,"35":0,"36":1},"f":{"0":14,"1":0,"2":2,"3":0,"4":0,"5":0,"6":2,"7":0,"8":0,"9":0,"10":0},"b":{"0":[0,14],"1":[14,0],"2":[2,12]},"_coverageSchema":"1a1c01bbd47fc00a2c39e90264f33305004495a9","hash":"4946e0f4f89f4f1c5587673e4001c3dd4de74995"}
,"/Users/pcs248/Documents/DevRN/FireChat/src/utils/renderWithNavigation.tsx": {"path":"/Users/pcs248/Documents/DevRN/FireChat/src/utils/renderWithNavigation.tsx","statementMap":{"0":{"start":{"line":6,"column":2},"end":{"line":6,"column":78}}},"fnMap":{"0":{"name":"renderWithNavigation","decl":{"start":{"line":5,"column":16},"end":{"line":5,"column":36}},"loc":{"start":{"line":5,"column":59},"end":{"line":7,"column":1}},"line":5}},"branchMap":{},"s":{"0":14},"f":{"0":14},"b":{},"_coverageSchema":"1a1c01bbd47fc00a2c39e90264f33305004495a9","hash":"cc952c64178e9a4d7db9d7ca6f707deb0c643fcf"}
}
