TN:
SF:firebase-config.tsx
FNF:0
FNH:0
DA:4,1
DA:15,1
DA:16,1
LF:3
LH:3
BRF:0
BRH:0
end_of_record
TN:
SF:src/assets/images/messageIcon.png
FNF:0
FNH:0
DA:1,1
LF:1
LH:1
BRF:0
BRH:0
end_of_record
TN:
SF:src/customComponents/ImagePickerComponent.tsx
FN:16,(anonymous_0)
FN:22,(anonymous_1)
FN:23,(anonymous_2)
FN:38,(anonymous_3)
FN:39,(anonymous_4)
FN:59,(anonymous_5)
FN:60,(anonymous_6)
FN:66,(anonymous_7)
FNF:8
FNH:2
FNDA:18,(anonymous_0)
FNDA:0,(anonymous_1)
FNDA:0,(anonymous_2)
FNDA:0,(anonymous_3)
FNDA:0,(anonymous_4)
FNDA:0,(anonymous_5)
FNDA:0,(anonymous_6)
FNDA:1,(anonymous_7)
DA:16,2
DA:17,18
DA:19,18
DA:20,18
DA:22,18
DA:23,0
DA:24,0
DA:25,0
DA:26,0
DA:27,0
DA:28,0
DA:29,0
DA:30,0
DA:31,0
DA:33,0
DA:38,18
DA:39,0
DA:40,0
DA:41,0
DA:42,0
DA:43,0
DA:44,0
DA:45,0
DA:46,0
DA:47,0
DA:49,0
DA:54,18
DA:59,0
DA:60,0
DA:66,1
DA:83,2
LF:31
LH:9
BRDA:24,0,0,0
BRDA:24,0,1,0
BRDA:26,1,0,0
BRDA:26,1,1,0
BRDA:28,2,0,0
BRDA:28,2,1,0
BRDA:40,3,0,0
BRDA:40,3,1,0
BRDA:42,4,0,0
BRDA:42,4,1,0
BRDA:44,5,0,0
BRDA:44,5,1,0
BRDA:55,6,0,18
BRDA:55,6,1,4
BRDA:56,7,0,1
BRDA:56,7,1,17
BRDA:70,8,0,0
BRDA:70,8,1,18
BRF:18
BRH:5
end_of_record
TN:
SF:src/customComponents/customButton.tsx
FN:12,(anonymous_0)
FNF:1
FNH:1
FNDA:49,(anonymous_0)
DA:12,3
DA:13,49
DA:14,49
DA:23,3
LF:4
LH:4
BRDA:15,0,0,49
BRDA:15,0,1,2
BRDA:17,1,0,49
BRDA:17,1,1,2
BRF:4
BRH:4
end_of_record
TN:
SF:src/customComponents/datePicker.tsx
FN:10,(anonymous_0)
FN:13,(anonymous_1)
FN:18,(anonymous_2)
FNF:3
FNH:2
FNDA:16,(anonymous_0)
FNDA:0,(anonymous_1)
FNDA:1,(anonymous_2)
DA:10,2
DA:11,16
DA:13,16
DA:14,0
DA:15,0
DA:18,16
DA:19,1
DA:26,16
LF:8
LH:6
BRDA:27,0,0,16
BRDA:27,0,1,2
BRF:2
BRH:2
end_of_record
TN:
SF:src/customComponents/textComponent.tsx
FN:11,(anonymous_0)
FNF:1
FNH:1
FNDA:97,(anonymous_0)
DA:11,6
DA:12,97
DA:13,97
DA:22,6
LF:4
LH:4
BRDA:15,0,0,97
BRDA:15,0,1,72
BRDA:16,1,0,97
BRDA:16,1,1,2
BRF:4
BRH:4
end_of_record
TN:
SF:src/customComponents/textInputComponent.tsx
FN:20,(anonymous_0)
FNF:1
FNH:1
FNDA:85,(anonymous_0)
DA:20,3
DA:21,85
DA:22,85
DA:41,3
LF:4
LH:4
BRDA:27,0,0,85
BRDA:27,0,1,1
BRDA:30,1,0,85
BRDA:30,1,1,29
BRDA:32,2,0,85
BRDA:32,2,1,1
BRF:6
BRH:6
end_of_record
TN:
SF:src/customComponents/userCardComponent.tsx
FN:9,(anonymous_0)
FNF:1
FNH:1
FNDA:2,(anonymous_0)
DA:9,2
DA:10,2
DA:11,2
DA:21,2
LF:4
LH:4
BRDA:14,0,0,2
BRDA:14,0,1,2
BRF:2
BRH:2
end_of_record
TN:
SF:src/screens/chatModule/allUserScreen.tsx
FN:15,(anonymous_0)
FN:27,(anonymous_1)
FN:28,(anonymous_2)
FN:33,(anonymous_3)
FN:38,(anonymous_4)
FN:59,(anonymous_5)
FN:62,(anonymous_6)
FN:74,(anonymous_7)
FN:82,(anonymous_8)
FN:85,(anonymous_9)
FNF:10
FNH:0
FNDA:0,(anonymous_0)
FNDA:0,(anonymous_1)
FNDA:0,(anonymous_2)
FNDA:0,(anonymous_3)
FNDA:0,(anonymous_4)
FNDA:0,(anonymous_5)
FNDA:0,(anonymous_6)
FNDA:0,(anonymous_7)
FNDA:0,(anonymous_8)
FNDA:0,(anonymous_9)
DA:15,1
DA:17,0
DA:18,0
DA:19,0
DA:20,0
DA:21,0
DA:24,0
DA:27,0
DA:28,0
DA:29,0
DA:30,0
DA:31,0
DA:33,0
DA:36,0
DA:38,0
DA:59,0
DA:60,0
DA:61,0
DA:62,0
DA:64,0
DA:66,0
DA:70,0
DA:74,0
DA:83,0
DA:86,0
DA:102,1
LF:26
LH:2
BRDA:33,0,0,0
BRDA:33,0,1,0
BRDA:90,1,0,0
BRDA:90,1,1,0
BRF:4
BRH:0
end_of_record
TN:
SF:src/screens/chatModule/showChatScreen.tsx
FN:43,(anonymous_0)
FN:86,(anonymous_1)
FN:88,(anonymous_2)
FN:91,(anonymous_3)
FN:94,(anonymous_4)
FN:101,(anonymous_5)
FN:107,(anonymous_6)
FN:110,(anonymous_7)
FN:113,(anonymous_8)
FN:120,(anonymous_9)
FN:125,(anonymous_10)
FN:131,(anonymous_11)
FN:136,(anonymous_12)
FN:143,(anonymous_13)
FN:150,(anonymous_14)
FN:158,(anonymous_15)
FN:191,(anonymous_16)
FN:211,(anonymous_17)
FN:216,(anonymous_18)
FN:256,(anonymous_19)
FN:260,(anonymous_20)
FN:261,(anonymous_21)
FN:287,(anonymous_22)
FN:288,(anonymous_23)
FN:313,(anonymous_24)
FN:354,(anonymous_25)
FN:375,(anonymous_26)
FN:381,(anonymous_27)
FN:383,(anonymous_28)
FN:387,(anonymous_29)
FN:427,(anonymous_30)
FN:436,(anonymous_31)
FN:438,(anonymous_32)
FN:444,(anonymous_33)
FN:449,(anonymous_34)
FN:455,(anonymous_35)
FN:481,(anonymous_36)
FN:502,(anonymous_37)
FN:508,(anonymous_38)
FN:510,(anonymous_39)
FN:515,(anonymous_40)
FN:534,(anonymous_41)
FN:544,(anonymous_42)
FN:548,(anonymous_43)
FN:562,(anonymous_44)
FN:573,(anonymous_45)
FN:584,(anonymous_46)
FN:601,(anonymous_47)
FN:614,(anonymous_48)
FN:626,(anonymous_49)
FN:638,(anonymous_50)
FN:642,(anonymous_51)
FN:648,(anonymous_52)
FN:666,(anonymous_53)
FN:689,(anonymous_54)
FN:709,(anonymous_55)
FN:724,(anonymous_56)
FN:732,(anonymous_57)
FN:746,(anonymous_58)
FN:818,(anonymous_59)
FN:836,(anonymous_60)
FN:852,(anonymous_61)
FNF:62
FNH:0
FNDA:0,(anonymous_0)
FNDA:0,(anonymous_1)
FNDA:0,(anonymous_2)
FNDA:0,(anonymous_3)
FNDA:0,(anonymous_4)
FNDA:0,(anonymous_5)
FNDA:0,(anonymous_6)
FNDA:0,(anonymous_7)
FNDA:0,(anonymous_8)
FNDA:0,(anonymous_9)
FNDA:0,(anonymous_10)
FNDA:0,(anonymous_11)
FNDA:0,(anonymous_12)
FNDA:0,(anonymous_13)
FNDA:0,(anonymous_14)
FNDA:0,(anonymous_15)
FNDA:0,(anonymous_16)
FNDA:0,(anonymous_17)
FNDA:0,(anonymous_18)
FNDA:0,(anonymous_19)
FNDA:0,(anonymous_20)
FNDA:0,(anonymous_21)
FNDA:0,(anonymous_22)
FNDA:0,(anonymous_23)
FNDA:0,(anonymous_24)
FNDA:0,(anonymous_25)
FNDA:0,(anonymous_26)
FNDA:0,(anonymous_27)
FNDA:0,(anonymous_28)
FNDA:0,(anonymous_29)
FNDA:0,(anonymous_30)
FNDA:0,(anonymous_31)
FNDA:0,(anonymous_32)
FNDA:0,(anonymous_33)
FNDA:0,(anonymous_34)
FNDA:0,(anonymous_35)
FNDA:0,(anonymous_36)
FNDA:0,(anonymous_37)
FNDA:0,(anonymous_38)
FNDA:0,(anonymous_39)
FNDA:0,(anonymous_40)
FNDA:0,(anonymous_41)
FNDA:0,(anonymous_42)
FNDA:0,(anonymous_43)
FNDA:0,(anonymous_44)
FNDA:0,(anonymous_45)
FNDA:0,(anonymous_46)
FNDA:0,(anonymous_47)
FNDA:0,(anonymous_48)
FNDA:0,(anonymous_49)
FNDA:0,(anonymous_50)
FNDA:0,(anonymous_51)
FNDA:0,(anonymous_52)
FNDA:0,(anonymous_53)
FNDA:0,(anonymous_54)
FNDA:0,(anonymous_55)
FNDA:0,(anonymous_56)
FNDA:0,(anonymous_57)
FNDA:0,(anonymous_58)
FNDA:0,(anonymous_59)
FNDA:0,(anonymous_60)
FNDA:0,(anonymous_61)
DA:43,1
DA:45,0
DA:46,0
DA:47,0
DA:48,0
DA:49,0
DA:50,0
DA:51,0
DA:52,0
DA:53,0
DA:55,0
DA:56,0
DA:63,0
DA:70,0
DA:72,0
DA:73,0
DA:86,0
DA:88,0
DA:89,0
DA:90,0
DA:91,0
DA:92,0
DA:94,0
DA:95,0
DA:97,0
DA:98,0
DA:99,0
DA:100,0
DA:101,0
DA:102,0
DA:104,0
DA:107,0
DA:108,0
DA:109,0
DA:110,0
DA:111,0
DA:113,0
DA:114,0
DA:116,0
DA:117,0
DA:118,0
DA:119,0
DA:120,0
DA:121,0
DA:123,0
DA:125,0
DA:126,0
DA:127,0
DA:131,0
DA:133,0
DA:137,0
DA:144,0
DA:151,0
DA:158,0
DA:159,0
DA:160,0
DA:161,0
DA:162,0
DA:167,0
DA:178,0
DA:191,0
DA:192,0
DA:193,0
DA:194,0
DA:195,0
DA:198,0
DA:211,0
DA:212,0
DA:216,0
DA:217,0
DA:218,0
DA:228,0
DA:239,0
DA:250,0
DA:256,0
DA:257,0
DA:260,0
DA:261,0
DA:262,0
DA:263,0
DA:264,0
DA:265,0
DA:266,0
DA:268,0
DA:269,0
DA:270,0
DA:271,0
DA:274,0
DA:275,0
DA:279,0
DA:282,0
DA:287,0
DA:288,0
DA:289,0
DA:290,0
DA:291,0
DA:292,0
DA:293,0
DA:295,0
DA:296,0
DA:297,0
DA:300,0
DA:301,0
DA:305,0
DA:308,0
DA:313,0
DA:314,0
DA:317,0
DA:326,0
DA:337,0
DA:348,0
DA:354,0
DA:355,0
DA:356,0
DA:366,0
DA:367,0
DA:368,0
DA:369,0
DA:371,0
DA:372,0
DA:375,0
DA:376,0
DA:381,0
DA:382,0
DA:383,0
DA:384,0
DA:385,0
DA:386,0
DA:388,0
DA:390,0
DA:393,0
DA:403,0
DA:414,0
DA:425,0
DA:428,0
DA:436,0
DA:438,0
DA:439,0
DA:443,0
DA:445,0
DA:446,0
DA:450,0
DA:453,0
DA:455,0
DA:481,0
DA:482,0
DA:483,0
DA:493,0
DA:494,0
DA:495,0
DA:496,0
DA:498,0
DA:499,0
DA:502,0
DA:503,0
DA:508,0
DA:509,0
DA:510,0
DA:511,0
DA:515,0
DA:516,0
DA:517,0
DA:518,0
DA:520,0
DA:522,0
DA:526,0
DA:534,0
DA:545,0
DA:548,0
DA:563,0
DA:574,0
DA:585,0
DA:602,0
DA:614,0
DA:627,0
DA:639,0
DA:642,0
DA:648,0
DA:667,0
DA:690,0
DA:710,0
DA:725,0
DA:727,0
DA:728,0
DA:734,0
DA:735,0
DA:747,0
DA:761,0
DA:811,0
DA:820,0
DA:821,0
DA:837,0
DA:848,0
DA:854,0
DA:855,0
DA:875,1
LF:196
LH:2
BRDA:161,0,0,0
BRDA:161,0,1,0
BRDA:194,1,0,0
BRDA:194,1,1,0
BRDA:262,2,0,0
BRDA:262,2,1,0
BRDA:264,3,0,0
BRDA:264,3,1,0
BRDA:266,4,0,0
BRDA:266,4,1,0
BRDA:289,5,0,0
BRDA:289,5,1,0
BRDA:291,6,0,0
BRDA:291,6,1,0
BRDA:293,7,0,0
BRDA:293,7,1,0
BRDA:367,8,0,0
BRDA:367,8,1,0
BRDA:385,9,0,0
BRDA:385,9,1,0
BRDA:445,10,0,0
BRDA:445,10,1,0
BRDA:494,11,0,0
BRDA:494,11,1,0
BRDA:517,12,0,0
BRDA:517,12,1,0
BRDA:727,13,0,0
BRDA:727,13,1,0
BRDA:761,14,0,0
BRDA:761,14,1,0
BRF:30
BRH:0
end_of_record
TN:
SF:src/screens/signUpModule/signUpScreen.tsx
FN:20,(anonymous_0)
FN:46,(anonymous_1)
FN:64,(anonymous_2)
FN:66,(anonymous_3)
FN:90,(anonymous_4)
FN:103,(anonymous_5)
FN:113,(anonymous_6)
FN:129,(anonymous_7)
FN:140,(anonymous_8)
FN:141,(anonymous_9)
FN:180,(anonymous_10)
FN:192,(anonymous_11)
FN:197,(anonymous_12)
FNF:13
FNH:2
FNDA:15,(anonymous_0)
FNDA:0,(anonymous_1)
FNDA:0,(anonymous_2)
FNDA:0,(anonymous_3)
FNDA:0,(anonymous_4)
FNDA:0,(anonymous_5)
FNDA:0,(anonymous_6)
FNDA:0,(anonymous_7)
FNDA:0,(anonymous_8)
FNDA:0,(anonymous_9)
FNDA:1,(anonymous_10)
FNDA:0,(anonymous_11)
FNDA:0,(anonymous_12)
DA:20,1
DA:22,15
DA:23,15
DA:45,15
DA:46,15
DA:55,0
DA:64,0
DA:66,15
DA:67,0
DA:68,0
DA:69,0
DA:70,0
DA:71,0
DA:72,0
DA:74,0
DA:77,15
DA:91,0
DA:92,0
DA:103,0
DA:113,0
DA:129,0
DA:140,0
DA:141,0
DA:180,1
DA:192,0
DA:197,0
LF:26
LH:8
BRDA:96,0,0,0
BRDA:96,0,1,15
BRDA:106,1,0,0
BRDA:106,1,1,15
BRDA:117,2,0,0
BRDA:117,2,1,15
BRDA:147,3,0,0
BRDA:147,3,1,15
BRF:8
BRH:4
end_of_record
TN:
SF:src/screens/signUpModule/signUpScreenValidator.tsx
FN:3,fieldValidator
FN:20,(anonymous_1)
FN:25,(anonymous_2)
FN:44,(anonymous_3)
FN:57,(anonymous_4)
FN:70,(anonymous_5)
FN:80,(anonymous_6)
FN:88,(anonymous_7)
FNF:8
FNH:4
FNDA:40,fieldValidator
FNDA:17,(anonymous_1)
FNDA:0,(anonymous_2)
FNDA:1,(anonymous_3)
FNDA:0,(anonymous_4)
FNDA:0,(anonymous_5)
FNDA:1,(anonymous_6)
FNDA:0,(anonymous_7)
DA:5,40
DA:6,40
DA:7,40
DA:8,40
DA:9,40
DA:10,40
DA:11,40
DA:12,40
DA:13,40
DA:15,40
DA:17,40
DA:18,40
DA:20,40
DA:21,17
DA:22,17
DA:25,40
DA:26,0
DA:28,0
DA:30,0
DA:32,0
DA:34,0
DA:36,0
DA:38,0
DA:40,0
DA:44,40
DA:45,1
DA:47,0
DA:48,0
DA:50,0
DA:51,0
DA:53,1
DA:57,40
DA:58,0
DA:60,0
DA:61,0
DA:63,0
DA:64,0
DA:66,0
DA:70,40
DA:71,0
DA:73,0
DA:74,0
DA:76,0
DA:80,40
DA:81,1
DA:82,1
DA:83,1
DA:84,1
DA:85,1
DA:88,40
DA:89,0
DA:90,0
DA:91,0
DA:93,0
DA:94,0
DA:95,0
DA:97,0
DA:98,0
DA:99,0
DA:103,40
LF:60
LH:29
BRDA:21,0,0,17
BRDA:21,0,1,0
BRDA:21,1,0,17
BRDA:21,1,1,17
BRDA:21,1,2,17
BRDA:26,2,0,0
BRDA:26,2,1,0
BRDA:26,2,2,0
BRDA:26,2,3,0
BRDA:45,3,0,0
BRDA:45,3,1,0
BRDA:45,3,2,1
BRDA:58,4,0,0
BRDA:58,4,1,0
BRDA:58,4,2,0
BRDA:59,5,0,0
BRDA:59,5,1,0
BRDA:62,6,0,0
BRDA:62,6,1,0
BRDA:71,7,0,0
BRDA:71,7,1,0
BRDA:93,8,0,0
BRDA:93,8,1,0
BRF:23
BRH:5
end_of_record
TN:
SF:src/screens/signUpModule/signUpStyles.tsx
FNF:0
FNH:0
DA:3,1
LF:1
LH:1
BRF:0
BRH:0
end_of_record
TN:
SF:src/screens/signedInModule/signInScreen.tsx
FN:20,(anonymous_0)
FN:34,(anonymous_1)
FN:70,(anonymous_2)
FN:91,(anonymous_3)
FN:100,(anonymous_4)
FN:109,(anonymous_5)
FN:118,(anonymous_6)
FNF:7
FNH:5
FNDA:11,(anonymous_0)
FNDA:1,(anonymous_1)
FNDA:1,(anonymous_2)
FNDA:1,(anonymous_3)
FNDA:1,(anonymous_4)
FNDA:0,(anonymous_5)
FNDA:0,(anonymous_6)
DA:20,1
DA:21,11
DA:22,11
DA:23,11
DA:32,11
DA:34,11
DA:35,1
DA:36,1
DA:40,0
DA:41,0
DA:42,0
DA:43,0
DA:45,1
DA:46,1
DA:50,11
DA:71,1
DA:72,1
DA:92,1
DA:101,1
DA:110,0
DA:119,0
DA:131,1
LF:22
LH:16
BRDA:77,0,0,0
BRDA:77,0,1,11
BRF:2
BRH:1
end_of_record
TN:
SF:src/screens/signedInModule/signInWithPhoneScreen.tsx
FN:11,(anonymous_0)
FN:27,(anonymous_1)
FN:35,(anonymous_2)
FN:37,(anonymous_3)
FN:50,(anonymous_4)
FN:70,(anonymous_5)
FN:78,(anonymous_6)
FN:98,(anonymous_7)
FN:102,(anonymous_8)
FN:108,(anonymous_9)
FN:112,(anonymous_10)
FNF:11
FNH:3
FNDA:14,(anonymous_0)
FNDA:0,(anonymous_1)
FNDA:2,(anonymous_2)
FNDA:0,(anonymous_3)
FNDA:0,(anonymous_4)
FNDA:0,(anonymous_5)
FNDA:2,(anonymous_6)
FNDA:0,(anonymous_7)
FNDA:0,(anonymous_8)
FNDA:0,(anonymous_9)
FNDA:0,(anonymous_10)
DA:11,1
DA:13,14
DA:14,14
DA:15,14
DA:16,14
DA:17,14
DA:18,14
DA:19,14
DA:20,14
DA:26,14
DA:27,14
DA:28,0
DA:29,0
DA:30,0
DA:32,0
DA:35,14
DA:36,2
DA:37,2
DA:38,0
DA:39,0
DA:40,0
DA:50,14
DA:51,0
DA:52,0
DA:53,0
DA:55,0
DA:57,0
DA:60,14
DA:70,0
DA:78,2
DA:98,0
DA:102,0
DA:108,0
DA:112,0
DA:124,1
LF:35
LH:18
BRDA:74,0,0,0
BRDA:74,0,1,14
BRDA:75,1,0,14
BRDA:75,1,1,0
BRDA:81,2,0,2
BRDA:81,2,1,12
BRF:6
BRH:4
end_of_record
TN:
SF:src/utils/renderWithNavigation.tsx
FN:5,renderWithNavigation
FNF:1
FNH:1
FNDA:14,renderWithNavigation
DA:6,14
LF:1
LH:1
BRF:0
BRH:0
end_of_record
